  GameApp.cpp
D:\code\C++\DirectX 11\Direct11LessonAdvance\Direct11LessonAdvance\GameApp.cpp(1,1): warning C4828: 文件包含在偏移 0x1df 处开始的字符，该字符在当前源字符集中无效(代码页 65001)。
D:\code\C++\DirectX 11\Direct11LessonAdvance\Direct11LessonAdvance\GameApp.cpp(1,1): warning C4828: 文件包含在偏移 0x1e0 处开始的字符，该字符在当前源字符集中无效(代码页 65001)。
D:\code\C++\DirectX 11\Direct11LessonAdvance\Direct11LessonAdvance\GameApp.cpp(1,1): warning C4828: 文件包含在偏移 0x1e4 处开始的字符，该字符在当前源字符集中无效(代码页 65001)。
D:\code\C++\DirectX 11\Direct11LessonAdvance\Direct11LessonAdvance\GameApp.cpp(1,1): warning C4828: 文件包含在偏移 0x1e5 处开始的字符，该字符在当前源字符集中无效(代码页 65001)。
D:\code\C++\DirectX 11\Direct11LessonAdvance\Direct11LessonAdvance\GameApp.cpp(1,1): warning C4828: 文件包含在偏移 0x1e7 处开始的字符，该字符在当前源字符集中无效(代码页 65001)。
D:\code\C++\DirectX 11\Direct11LessonAdvance\Direct11LessonAdvance\GameApp.cpp(1,1): warning C4828: 文件包含在偏移 0x1eb 处开始的字符，该字符在当前源字符集中无效(代码页 65001)。
D:\code\C++\DirectX 11\Direct11LessonAdvance\Direct11LessonAdvance\GameApp.cpp(1,1): warning C4828: 文件包含在偏移 0x1ec 处开始的字符，该字符在当前源字符集中无效(代码页 65001)。
D:\code\C++\DirectX 11\Direct11LessonAdvance\Direct11LessonAdvance\GameApp.cpp(1,1): warning C4828: 文件包含在偏移 0x1ed 处开始的字符，该字符在当前源字符集中无效(代码页 65001)。
D:\code\C++\DirectX 11\Direct11LessonAdvance\Direct11LessonAdvance\GameApp.cpp(1,1): warning C4828: 文件包含在偏移 0x1ef 处开始的字符，该字符在当前源字符集中无效(代码页 65001)。
D:\code\C++\DirectX 11\Direct11LessonAdvance\Direct11LessonAdvance\GameApp.cpp(1,1): warning C4828: 文件包含在偏移 0x1f0 处开始的字符，该字符在当前源字符集中无效(代码页 65001)。
D:\code\C++\DirectX 11\Direct11LessonAdvance\Direct11LessonAdvance\GameApp.cpp(1,1): warning C4828: 文件包含在偏移 0x1f1 处开始的字符，该字符在当前源字符集中无效(代码页 65001)。
D:\code\C++\DirectX 11\Direct11LessonAdvance\Direct11LessonAdvance\GameApp.cpp(1,1): warning C4828: 文件包含在偏移 0x2ba 处开始的字符，该字符在当前源字符集中无效(代码页 65001)。
D:\code\C++\DirectX 11\Direct11LessonAdvance\Direct11LessonAdvance\GameApp.cpp(1,1): warning C4828: 文件包含在偏移 0x2bc 处开始的字符，该字符在当前源字符集中无效(代码页 65001)。
D:\code\C++\DirectX 11\Direct11LessonAdvance\Direct11LessonAdvance\GameApp.cpp(1,1): warning C4828: 文件包含在偏移 0x2bd 处开始的字符，该字符在当前源字符集中无效(代码页 65001)。
D:\code\C++\DirectX 11\Direct11LessonAdvance\Direct11LessonAdvance\GameApp.cpp(1,1): warning C4828: 文件包含在偏移 0x2c1 处开始的字符，该字符在当前源字符集中无效(代码页 65001)。
D:\code\C++\DirectX 11\Direct11LessonAdvance\Direct11LessonAdvance\GameApp.cpp(1,1): warning C4828: 文件包含在偏移 0x2c2 处开始的字符，该字符在当前源字符集中无效(代码页 65001)。
D:\code\C++\DirectX 11\Direct11LessonAdvance\Direct11LessonAdvance\GameApp.cpp(1,1): warning C4828: 文件包含在偏移 0x2c4 处开始的字符，该字符在当前源字符集中无效(代码页 65001)。
D:\code\C++\DirectX 11\Direct11LessonAdvance\Direct11LessonAdvance\GameApp.cpp(1,1): warning C4828: 文件包含在偏移 0x2c7 处开始的字符，该字符在当前源字符集中无效(代码页 65001)。
D:\code\C++\DirectX 11\Direct11LessonAdvance\Direct11LessonAdvance\GameApp.cpp(1,1): warning C4828: 文件包含在偏移 0x327 处开始的字符，该字符在当前源字符集中无效(代码页 65001)。
D:\code\C++\DirectX 11\Direct11LessonAdvance\Direct11LessonAdvance\GameApp.cpp(1,1): warning C4828: 文件包含在偏移 0x328 处开始的字符，该字符在当前源字符集中无效(代码页 65001)。
D:\code\C++\DirectX 11\Direct11LessonAdvance\Direct11LessonAdvance\GameApp.cpp(1,1): warning C4828: 文件包含在偏移 0x329 处开始的字符，该字符在当前源字符集中无效(代码页 65001)。
D:\code\C++\DirectX 11\Direct11LessonAdvance\Direct11LessonAdvance\GameApp.cpp(1,1): warning C4828: 文件包含在偏移 0x32a 处开始的字符，该字符在当前源字符集中无效(代码页 65001)。
D:\code\C++\DirectX 11\Direct11LessonAdvance\Direct11LessonAdvance\GameApp.cpp(1,1): warning C4828: 文件包含在偏移 0x32f 处开始的字符，该字符在当前源字符集中无效(代码页 65001)。
D:\code\C++\DirectX 11\Direct11LessonAdvance\Direct11LessonAdvance\GameApp.cpp(1,1): warning C4828: 文件包含在偏移 0x330 处开始的字符，该字符在当前源字符集中无效(代码页 65001)。
D:\code\C++\DirectX 11\Direct11LessonAdvance\Direct11LessonAdvance\GameApp.cpp(1,1): warning C4828: 文件包含在偏移 0x333 处开始的字符，该字符在当前源字符集中无效(代码页 65001)。
D:\code\C++\DirectX 11\Direct11LessonAdvance\Direct11LessonAdvance\GameApp.cpp(1,1): warning C4828: 文件包含在偏移 0x336 处开始的字符，该字符在当前源字符集中无效(代码页 65001)。
D:\code\C++\DirectX 11\Direct11LessonAdvance\Direct11LessonAdvance\GameApp.cpp(1,1): warning C4828: 文件包含在偏移 0x339 处开始的字符，该字符在当前源字符集中无效(代码页 65001)。
D:\code\C++\DirectX 11\Direct11LessonAdvance\Direct11LessonAdvance\GameApp.cpp(1,1): warning C4828: 文件包含在偏移 0x33a 处开始的字符，该字符在当前源字符集中无效(代码页 65001)。
D:\code\C++\DirectX 11\Direct11LessonAdvance\Direct11LessonAdvance\GameApp.cpp(1,1): warning C4828: 文件包含在偏移 0x542 处开始的字符，该字符在当前源字符集中无效(代码页 65001)。
D:\code\C++\DirectX 11\Direct11LessonAdvance\Direct11LessonAdvance\GameApp.cpp(1,1): warning C4828: 文件包含在偏移 0x543 处开始的字符，该字符在当前源字符集中无效(代码页 65001)。
D:\code\C++\DirectX 11\Direct11LessonAdvance\Direct11LessonAdvance\GameApp.cpp(1,1): warning C4828: 文件包含在偏移 0x544 处开始的字符，该字符在当前源字符集中无效(代码页 65001)。
D:\code\C++\DirectX 11\Direct11LessonAdvance\Direct11LessonAdvance\GameApp.cpp(1,1): warning C4828: 文件包含在偏移 0x550 处开始的字符，该字符在当前源字符集中无效(代码页 65001)。
D:\code\C++\DirectX 11\Direct11LessonAdvance\Direct11LessonAdvance\GameApp.cpp(1,1): warning C4828: 文件包含在偏移 0x55a 处开始的字符，该字符在当前源字符集中无效(代码页 65001)。
D:\code\C++\DirectX 11\Direct11LessonAdvance\Direct11LessonAdvance\GameApp.cpp(1,1): warning C4828: 文件包含在偏移 0x55b 处开始的字符，该字符在当前源字符集中无效(代码页 65001)。
D:\code\C++\DirectX 11\Direct11LessonAdvance\Direct11LessonAdvance\GameApp.cpp(1,1): warning C4828: 文件包含在偏移 0x55c 处开始的字符，该字符在当前源字符集中无效(代码页 65001)。
D:\code\C++\DirectX 11\Direct11LessonAdvance\Direct11LessonAdvance\GameApp.cpp(1,1): warning C4828: 文件包含在偏移 0x55d 处开始的字符，该字符在当前源字符集中无效(代码页 65001)。
D:\code\C++\DirectX 11\Direct11LessonAdvance\Direct11LessonAdvance\GameApp.cpp(1,1): warning C4828: 文件包含在偏移 0x55f 处开始的字符，该字符在当前源字符集中无效(代码页 65001)。
D:\code\C++\DirectX 11\Direct11LessonAdvance\Direct11LessonAdvance\GameApp.cpp(1,1): warning C4828: 文件包含在偏移 0x563 处开始的字符，该字符在当前源字符集中无效(代码页 65001)。
D:\code\C++\DirectX 11\Direct11LessonAdvance\Direct11LessonAdvance\GameApp.cpp(1,1): warning C4828: 文件包含在偏移 0x564 处开始的字符，该字符在当前源字符集中无效(代码页 65001)。
D:\code\C++\DirectX 11\Direct11LessonAdvance\Direct11LessonAdvance\GameApp.cpp(1,1): warning C4828: 文件包含在偏移 0x566 处开始的字符，该字符在当前源字符集中无效(代码页 65001)。
D:\code\C++\DirectX 11\Direct11LessonAdvance\Direct11LessonAdvance\GameApp.cpp(1,1): warning C4828: 文件包含在偏移 0x568 处开始的字符，该字符在当前源字符集中无效(代码页 65001)。
D:\code\C++\DirectX 11\Direct11LessonAdvance\Direct11LessonAdvance\GameApp.cpp(1,1): warning C4828: 文件包含在偏移 0x56a 处开始的字符，该字符在当前源字符集中无效(代码页 65001)。
D:\code\C++\DirectX 11\Direct11LessonAdvance\Direct11LessonAdvance\GameApp.cpp(1,1): warning C4828: 文件包含在偏移 0x56b 处开始的字符，该字符在当前源字符集中无效(代码页 65001)。
D:\code\C++\DirectX 11\Direct11LessonAdvance\Direct11LessonAdvance\GameApp.cpp(1,1): warning C4828: 文件包含在偏移 0x56c 处开始的字符，该字符在当前源字符集中无效(代码页 65001)。
D:\code\C++\DirectX 11\Direct11LessonAdvance\Direct11LessonAdvance\GameApp.cpp(1,1): warning C4828: 文件包含在偏移 0x56e 处开始的字符，该字符在当前源字符集中无效(代码页 65001)。
D:\code\C++\DirectX 11\Direct11LessonAdvance\Direct11LessonAdvance\GameApp.cpp(1,1): warning C4828: 文件包含在偏移 0x56f 处开始的字符，该字符在当前源字符集中无效(代码页 65001)。
D:\code\C++\DirectX 11\Direct11LessonAdvance\Direct11LessonAdvance\GameApp.cpp(1,1): warning C4828: 文件包含在偏移 0x570 处开始的字符，该字符在当前源字符集中无效(代码页 65001)。
D:\code\C++\DirectX 11\Direct11LessonAdvance\Direct11LessonAdvance\GameApp.cpp(1,1): warning C4828: 文件包含在偏移 0x572 处开始的字符，该字符在当前源字符集中无效(代码页 65001)。
D:\code\C++\DirectX 11\Direct11LessonAdvance\Direct11LessonAdvance\GameApp.cpp(1,1): warning C4828: 文件包含在偏移 0x573 处开始的字符，该字符在当前源字符集中无效(代码页 65001)。
D:\code\C++\DirectX 11\Direct11LessonAdvance\Direct11LessonAdvance\GameApp.cpp(1,1): warning C4828: 文件包含在偏移 0x574 处开始的字符，该字符在当前源字符集中无效(代码页 65001)。
D:\code\C++\DirectX 11\Direct11LessonAdvance\Direct11LessonAdvance\GameApp.cpp(1,1): warning C4828: 文件包含在偏移 0x575 处开始的字符，该字符在当前源字符集中无效(代码页 65001)。
D:\code\C++\DirectX 11\Direct11LessonAdvance\Direct11LessonAdvance\GameApp.cpp(1,1): warning C4828: 文件包含在偏移 0x576 处开始的字符，该字符在当前源字符集中无效(代码页 65001)。
D:\code\C++\DirectX 11\Direct11LessonAdvance\Direct11LessonAdvance\GameApp.cpp(1,1): warning C4828: 文件包含在偏移 0x577 处开始的字符，该字符在当前源字符集中无效(代码页 65001)。
D:\code\C++\DirectX 11\Direct11LessonAdvance\Direct11LessonAdvance\GameApp.cpp(1,1): warning C4828: 文件包含在偏移 0x578 处开始的字符，该字符在当前源字符集中无效(代码页 65001)。
D:\code\C++\DirectX 11\Direct11LessonAdvance\Direct11LessonAdvance\GameApp.cpp(1,1): warning C4828: 文件包含在偏移 0x57a 处开始的字符，该字符在当前源字符集中无效(代码页 65001)。
D:\code\C++\DirectX 11\Direct11LessonAdvance\Direct11LessonAdvance\GameApp.cpp(1,1): warning C4828: 文件包含在偏移 0x57b 处开始的字符，该字符在当前源字符集中无效(代码页 65001)。
D:\code\C++\DirectX 11\Direct11LessonAdvance\Direct11LessonAdvance\GameApp.cpp(1,1): warning C4828: 文件包含在偏移 0x57c 处开始的字符，该字符在当前源字符集中无效(代码页 65001)。
D:\code\C++\DirectX 11\Direct11LessonAdvance\Direct11LessonAdvance\GameApp.cpp(1,1): warning C4828: 文件包含在偏移 0x580 处开始的字符，该字符在当前源字符集中无效(代码页 65001)。
D:\code\C++\DirectX 11\Direct11LessonAdvance\Direct11LessonAdvance\GameApp.cpp(1,1): warning C4828: 文件包含在偏移 0x581 处开始的字符，该字符在当前源字符集中无效(代码页 65001)。
D:\code\C++\DirectX 11\Direct11LessonAdvance\Direct11LessonAdvance\GameApp.cpp(1,1): warning C4828: 文件包含在偏移 0x582 处开始的字符，该字符在当前源字符集中无效(代码页 65001)。
D:\code\C++\DirectX 11\Direct11LessonAdvance\Direct11LessonAdvance\GameApp.cpp(1,1): warning C4828: 文件包含在偏移 0x584 处开始的字符，该字符在当前源字符集中无效(代码页 65001)。
D:\code\C++\DirectX 11\Direct11LessonAdvance\Direct11LessonAdvance\GameApp.cpp(1,1): warning C4828: 文件包含在偏移 0x586 处开始的字符，该字符在当前源字符集中无效(代码页 65001)。
D:\code\C++\DirectX 11\Direct11LessonAdvance\Direct11LessonAdvance\GameApp.cpp(1,1): warning C4828: 文件包含在偏移 0x587 处开始的字符，该字符在当前源字符集中无效(代码页 65001)。
D:\code\C++\DirectX 11\Direct11LessonAdvance\Direct11LessonAdvance\GameApp.cpp(1,1): warning C4828: 文件包含在偏移 0x588 处开始的字符，该字符在当前源字符集中无效(代码页 65001)。
D:\code\C++\DirectX 11\Direct11LessonAdvance\Direct11LessonAdvance\GameApp.cpp(1,1): warning C4828: 文件包含在偏移 0x58a 处开始的字符，该字符在当前源字符集中无效(代码页 65001)。
D:\code\C++\DirectX 11\Direct11LessonAdvance\Direct11LessonAdvance\GameApp.cpp(1,1): warning C4828: 文件包含在偏移 0x58c 处开始的字符，该字符在当前源字符集中无效(代码页 65001)。
D:\code\C++\DirectX 11\Direct11LessonAdvance\Direct11LessonAdvance\GameApp.cpp(1,1): warning C4828: 文件包含在偏移 0x58d 处开始的字符，该字符在当前源字符集中无效(代码页 65001)。
D:\code\C++\DirectX 11\Direct11LessonAdvance\Direct11LessonAdvance\GameApp.cpp(1,1): warning C4828: 文件包含在偏移 0x58f 处开始的字符，该字符在当前源字符集中无效(代码页 65001)。
D:\code\C++\DirectX 11\Direct11LessonAdvance\Direct11LessonAdvance\GameApp.cpp(1,1): warning C4828: 文件包含在偏移 0x590 处开始的字符，该字符在当前源字符集中无效(代码页 65001)。
D:\code\C++\DirectX 11\Direct11LessonAdvance\Direct11LessonAdvance\GameApp.cpp(1,1): warning C4828: 文件包含在偏移 0x591 处开始的字符，该字符在当前源字符集中无效(代码页 65001)。
D:\code\C++\DirectX 11\Direct11LessonAdvance\Direct11LessonAdvance\GameApp.cpp(1,1): warning C4828: 文件包含在偏移 0x592 处开始的字符，该字符在当前源字符集中无效(代码页 65001)。
D:\code\C++\DirectX 11\Direct11LessonAdvance\Direct11LessonAdvance\GameApp.cpp(1,1): warning C4828: 文件包含在偏移 0x593 处开始的字符，该字符在当前源字符集中无效(代码页 65001)。
D:\code\C++\DirectX 11\Direct11LessonAdvance\Direct11LessonAdvance\GameApp.cpp(1,1): warning C4828: 文件包含在偏移 0x594 处开始的字符，该字符在当前源字符集中无效(代码页 65001)。
D:\code\C++\DirectX 11\Direct11LessonAdvance\Direct11LessonAdvance\GameApp.cpp(1,1): warning C4828: 文件包含在偏移 0x595 处开始的字符，该字符在当前源字符集中无效(代码页 65001)。
D:\code\C++\DirectX 11\Direct11LessonAdvance\Direct11LessonAdvance\GameApp.cpp(1,1): warning C4828: 文件包含在偏移 0x5a3 处开始的字符，该字符在当前源字符集中无效(代码页 65001)。
D:\code\C++\DirectX 11\Direct11LessonAdvance\Direct11LessonAdvance\GameApp.cpp(1,1): warning C4828: 文件包含在偏移 0x5a4 处开始的字符，该字符在当前源字符集中无效(代码页 65001)。
D:\code\C++\DirectX 11\Direct11LessonAdvance\Direct11LessonAdvance\GameApp.cpp(1,1): warning C4828: 文件包含在偏移 0x5a6 处开始的字符，该字符在当前源字符集中无效(代码页 65001)。
D:\code\C++\DirectX 11\Direct11LessonAdvance\Direct11LessonAdvance\GameApp.cpp(1,1): warning C4828: 文件包含在偏移 0x5af 处开始的字符，该字符在当前源字符集中无效(代码页 65001)。
D:\code\C++\DirectX 11\Direct11LessonAdvance\Direct11LessonAdvance\GameApp.cpp(1,1): warning C4828: 文件包含在偏移 0x5b0 处开始的字符，该字符在当前源字符集中无效(代码页 65001)。
D:\code\C++\DirectX 11\Direct11LessonAdvance\Direct11LessonAdvance\GameApp.cpp(1,1): warning C4828: 文件包含在偏移 0x5b1 处开始的字符，该字符在当前源字符集中无效(代码页 65001)。
D:\code\C++\DirectX 11\Direct11LessonAdvance\Direct11LessonAdvance\GameApp.cpp(1,1): warning C4828: 文件包含在偏移 0x5b5 处开始的字符，该字符在当前源字符集中无效(代码页 65001)。
D:\code\C++\DirectX 11\Direct11LessonAdvance\Direct11LessonAdvance\GameApp.cpp(1,1): warning C4828: 文件包含在偏移 0x5b6 处开始的字符，该字符在当前源字符集中无效(代码页 65001)。
D:\code\C++\DirectX 11\Direct11LessonAdvance\Direct11LessonAdvance\GameApp.cpp(1,1): warning C4828: 文件包含在偏移 0x5b7 处开始的字符，该字符在当前源字符集中无效(代码页 65001)。
D:\code\C++\DirectX 11\Direct11LessonAdvance\Direct11LessonAdvance\GameApp.cpp(1,1): warning C4828: 文件包含在偏移 0x5b9 处开始的字符，该字符在当前源字符集中无效(代码页 65001)。
D:\code\C++\DirectX 11\Direct11LessonAdvance\Direct11LessonAdvance\GameApp.cpp(1,1): warning C4828: 文件包含在偏移 0x5c3 处开始的字符，该字符在当前源字符集中无效(代码页 65001)。
D:\code\C++\DirectX 11\Direct11LessonAdvance\Direct11LessonAdvance\GameApp.cpp(1,1): warning C4828: 文件包含在偏移 0x5c4 处开始的字符，该字符在当前源字符集中无效(代码页 65001)。
D:\code\C++\DirectX 11\Direct11LessonAdvance\Direct11LessonAdvance\GameApp.cpp(1,1): warning C4828: 文件包含在偏移 0x5c5 处开始的字符，该字符在当前源字符集中无效(代码页 65001)。
D:\code\C++\DirectX 11\Direct11LessonAdvance\Direct11LessonAdvance\GameApp.cpp(1,1): warning C4828: 文件包含在偏移 0x5c6 处开始的字符，该字符在当前源字符集中无效(代码页 65001)。
D:\code\C++\DirectX 11\Direct11LessonAdvance\Direct11LessonAdvance\GameApp.cpp(1,1): warning C4828: 文件包含在偏移 0x5c7 处开始的字符，该字符在当前源字符集中无效(代码页 65001)。
D:\code\C++\DirectX 11\Direct11LessonAdvance\Direct11LessonAdvance\GameApp.cpp(1,1): warning C4828: 文件包含在偏移 0x5c8 处开始的字符，该字符在当前源字符集中无效(代码页 65001)。
D:\code\C++\DirectX 11\Direct11LessonAdvance\Direct11LessonAdvance\GameApp.cpp(1,1): warning C4828: 文件包含在偏移 0x5d4 处开始的字符，该字符在当前源字符集中无效(代码页 65001)。
D:\code\C++\DirectX 11\Direct11LessonAdvance\Direct11LessonAdvance\GameApp.cpp(1,1): warning C4828: 文件包含在偏移 0x5d5 处开始的字符，该字符在当前源字符集中无效(代码页 65001)。
D:\code\C++\DirectX 11\Direct11LessonAdvance\Direct11LessonAdvance\GameApp.cpp(1,1): warning C4828: 文件包含在偏移 0x5d6 处开始的字符，该字符在当前源字符集中无效(代码页 65001)。
D:\code\C++\DirectX 11\Direct11LessonAdvance\Direct11LessonAdvance\GameApp.cpp(1,1): warning C4828: 文件包含在偏移 0x5d7 处开始的字符，该字符在当前源字符集中无效(代码页 65001)。
D:\code\C++\DirectX 11\Direct11LessonAdvance\Direct11LessonAdvance\GameApp.cpp(1,1): warning C4828: 文件包含在偏移 0x5d8 处开始的字符，该字符在当前源字符集中无效(代码页 65001)。
D:\code\C++\DirectX 11\Direct11LessonAdvance\Direct11LessonAdvance\GameApp.cpp(1,1): warning C4828: 文件包含在偏移 0x5dc 处开始的字符，该字符在当前源字符集中无效(代码页 65001)。
D:\code\C++\DirectX 11\Direct11LessonAdvance\Direct11LessonAdvance\GameApp.cpp(1,1): warning C4828: 文件包含在偏移 0x5dd 处开始的字符，该字符在当前源字符集中无效(代码页 65001)。
D:\code\C++\DirectX 11\Direct11LessonAdvance\Direct11LessonAdvance\GameApp.cpp(1,1): warning C4828: 文件包含在偏移 0x5e6 处开始的字符，该字符在当前源字符集中无效(代码页 65001)。
D:\code\C++\DirectX 11\Direct11LessonAdvance\Direct11LessonAdvance\GameApp.cpp(1,1): warning C4828: 文件包含在偏移 0x5ea 处开始的字符，该字符在当前源字符集中无效(代码页 65001)。
D:\code\C++\DirectX 11\Direct11LessonAdvance\Direct11LessonAdvance\GameApp.cpp(1,1): warning C4828: 文件包含在偏移 0x5eb 处开始的字符，该字符在当前源字符集中无效(代码页 65001)。
D:\code\C++\DirectX 11\Direct11LessonAdvance\Direct11LessonAdvance\GameApp.cpp(1,1): warning C4828: 文件包含在偏移 0x5f9 处开始的字符，该字符在当前源字符集中无效(代码页 65001)。
D:\code\C++\DirectX 11\Direct11LessonAdvance\Direct11LessonAdvance\GameApp.cpp(1,1): warning C4828: 文件包含在偏移 0x5fb 处开始的字符，该字符在当前源字符集中无效(代码页 65001)。
D:\code\C++\DirectX 11\Direct11LessonAdvance\Direct11LessonAdvance\GameApp.cpp(1,1): warning C4828: 文件包含在偏移 0x5fd 处开始的字符，该字符在当前源字符集中无效(代码页 65001)。
D:\code\C++\DirectX 11\Direct11LessonAdvance\Direct11LessonAdvance\GameApp.cpp(1,1): warning C4828: 文件包含在偏移 0x5ff 处开始的字符，该字符在当前源字符集中无效(代码页 65001)。
D:\code\C++\DirectX 11\Direct11LessonAdvance\Direct11LessonAdvance\GameApp.cpp(1,1): warning C4828: 文件包含在偏移 0x600 处开始的字符，该字符在当前源字符集中无效(代码页 65001)。
D:\code\C++\DirectX 11\Direct11LessonAdvance\Direct11LessonAdvance\GameApp.cpp(1,1): warning C4828: 文件包含在偏移 0x60e 处开始的字符，该字符在当前源字符集中无效(代码页 65001)。
D:\code\C++\DirectX 11\Direct11LessonAdvance\Direct11LessonAdvance\GameApp.cpp(1,1): warning C4828: 文件包含在偏移 0x618 处开始的字符，该字符在当前源字符集中无效(代码页 65001)。
D:\code\C++\DirectX 11\Direct11LessonAdvance\Direct11LessonAdvance\GameApp.cpp(1,1): warning C4828: 文件包含在偏移 0x61b 处开始的字符，该字符在当前源字符集中无效(代码页 65001)。
D:\code\C++\DirectX 11\Direct11LessonAdvance\Direct11LessonAdvance\GameApp.cpp(1,1): warning C4828: 文件包含在偏移 0x61c 处开始的字符，该字符在当前源字符集中无效(代码页 65001)。
D:\code\C++\DirectX 11\Direct11LessonAdvance\Direct11LessonAdvance\GameApp.cpp(1,1): warning C4828: 文件包含在偏移 0x61d 处开始的字符，该字符在当前源字符集中无效(代码页 65001)。
D:\code\C++\DirectX 11\Direct11LessonAdvance\Direct11LessonAdvance\GameApp.cpp(1,1): warning C4828: 文件包含在偏移 0x61e 处开始的字符，该字符在当前源字符集中无效(代码页 65001)。
D:\code\C++\DirectX 11\Direct11LessonAdvance\Direct11LessonAdvance\GameApp.cpp(1,1): warning C4828: 文件包含在偏移 0x61f 处开始的字符，该字符在当前源字符集中无效(代码页 65001)。
D:\code\C++\DirectX 11\Direct11LessonAdvance\Direct11LessonAdvance\GameApp.cpp(1,1): warning C4828: 文件包含在偏移 0x620 处开始的字符，该字符在当前源字符集中无效(代码页 65001)。
D:\code\C++\DirectX 11\Direct11LessonAdvance\Direct11LessonAdvance\GameApp.cpp(1,1): warning C4828: 文件包含在偏移 0x622 处开始的字符，该字符在当前源字符集中无效(代码页 65001)。
D:\code\C++\DirectX 11\Direct11LessonAdvance\Direct11LessonAdvance\GameApp.cpp(1,1): warning C4828: 文件包含在偏移 0x624 处开始的字符，该字符在当前源字符集中无效(代码页 65001)。
D:\code\C++\DirectX 11\Direct11LessonAdvance\Direct11LessonAdvance\GameApp.cpp(1,1): warning C4828: 文件包含在偏移 0x625 处开始的字符，该字符在当前源字符集中无效(代码页 65001)。
D:\code\C++\DirectX 11\Direct11LessonAdvance\Direct11LessonAdvance\GameApp.cpp(1,1): warning C4828: 文件包含在偏移 0x629 处开始的字符，该字符在当前源字符集中无效(代码页 65001)。
D:\code\C++\DirectX 11\Direct11LessonAdvance\Direct11LessonAdvance\GameApp.cpp(1,1): warning C4828: 文件包含在偏移 0x6aa 处开始的字符，该字符在当前源字符集中无效(代码页 65001)。
D:\code\C++\DirectX 11\Direct11LessonAdvance\Direct11LessonAdvance\GameApp.cpp(1,1): warning C4828: 文件包含在偏移 0x6ac 处开始的字符，该字符在当前源字符集中无效(代码页 65001)。
D:\code\C++\DirectX 11\Direct11LessonAdvance\Direct11LessonAdvance\GameApp.cpp(1,1): warning C4828: 文件包含在偏移 0x6ad 处开始的字符，该字符在当前源字符集中无效(代码页 65001)。
D:\code\C++\DirectX 11\Direct11LessonAdvance\Direct11LessonAdvance\GameApp.cpp(1,1): warning C4828: 文件包含在偏移 0x6b1 处开始的字符，该字符在当前源字符集中无效(代码页 65001)。
D:\code\C++\DirectX 11\Direct11LessonAdvance\Direct11LessonAdvance\GameApp.cpp(1,1): warning C4828: 文件包含在偏移 0x6b3 处开始的字符，该字符在当前源字符集中无效(代码页 65001)。
D:\code\C++\DirectX 11\Direct11LessonAdvance\Direct11LessonAdvance\GameApp.cpp(1,1): warning C4828: 文件包含在偏移 0x6b6 处开始的字符，该字符在当前源字符集中无效(代码页 65001)。
D:\code\C++\DirectX 11\Direct11LessonAdvance\Direct11LessonAdvance\GameApp.cpp(1,1): warning C4828: 文件包含在偏移 0x6b7 处开始的字符，该字符在当前源字符集中无效(代码页 65001)。
D:\code\C++\DirectX 11\Direct11LessonAdvance\Direct11LessonAdvance\GameApp.cpp(1,1): warning C4828: 文件包含在偏移 0x6b8 处开始的字符，该字符在当前源字符集中无效(代码页 65001)。
D:\code\C++\DirectX 11\Direct11LessonAdvance\Direct11LessonAdvance\GameApp.cpp(1,1): warning C4828: 文件包含在偏移 0x6b9 处开始的字符，该字符在当前源字符集中无效(代码页 65001)。
D:\code\C++\DirectX 11\Direct11LessonAdvance\Direct11LessonAdvance\GameApp.cpp(1,1): warning C4828: 文件包含在偏移 0x6bb 处开始的字符，该字符在当前源字符集中无效(代码页 65001)。
D:\code\C++\DirectX 11\Direct11LessonAdvance\Direct11LessonAdvance\GameApp.cpp(1,1): warning C4828: 文件包含在偏移 0x6c4 处开始的字符，该字符在当前源字符集中无效(代码页 65001)。
D:\code\C++\DirectX 11\Direct11LessonAdvance\Direct11LessonAdvance\GameApp.cpp(1,1): warning C4828: 文件包含在偏移 0x6c5 处开始的字符，该字符在当前源字符集中无效(代码页 65001)。
D:\code\C++\DirectX 11\Direct11LessonAdvance\Direct11LessonAdvance\GameApp.cpp(1,1): warning C4828: 文件包含在偏移 0x6f3 处开始的字符，该字符在当前源字符集中无效(代码页 65001)。
D:\code\C++\DirectX 11\Direct11LessonAdvance\Direct11LessonAdvance\GameApp.cpp(1,1): warning C4828: 文件包含在偏移 0x6f4 处开始的字符，该字符在当前源字符集中无效(代码页 65001)。
D:\code\C++\DirectX 11\Direct11LessonAdvance\Direct11LessonAdvance\GameApp.cpp(1,1): warning C4828: 文件包含在偏移 0x6f5 处开始的字符，该字符在当前源字符集中无效(代码页 65001)。
D:\code\C++\DirectX 11\Direct11LessonAdvance\Direct11LessonAdvance\GameApp.cpp(1,1): warning C4828: 文件包含在偏移 0x6f6 处开始的字符，该字符在当前源字符集中无效(代码页 65001)。
D:\code\C++\DirectX 11\Direct11LessonAdvance\Direct11LessonAdvance\GameApp.cpp(1,1): warning C4828: 文件包含在偏移 0x6f7 处开始的字符，该字符在当前源字符集中无效(代码页 65001)。
D:\code\C++\DirectX 11\Direct11LessonAdvance\Direct11LessonAdvance\GameApp.cpp(1,1): warning C4828: 文件包含在偏移 0x6fa 处开始的字符，该字符在当前源字符集中无效(代码页 65001)。
D:\code\C++\DirectX 11\Direct11LessonAdvance\Direct11LessonAdvance\GameApp.cpp(1,1): warning C4828: 文件包含在偏移 0x6fb 处开始的字符，该字符在当前源字符集中无效(代码页 65001)。
D:\code\C++\DirectX 11\Direct11LessonAdvance\Direct11LessonAdvance\GameApp.cpp(1,1): warning C4828: 文件包含在偏移 0x701 处开始的字符，该字符在当前源字符集中无效(代码页 65001)。
D:\code\C++\DirectX 11\Direct11LessonAdvance\Direct11LessonAdvance\GameApp.cpp(1,1): warning C4828: 文件包含在偏移 0x702 处开始的字符，该字符在当前源字符集中无效(代码页 65001)。
D:\code\C++\DirectX 11\Direct11LessonAdvance\Direct11LessonAdvance\GameApp.cpp(1,1): warning C4828: 文件包含在偏移 0x706 处开始的字符，该字符在当前源字符集中无效(代码页 65001)。
D:\code\C++\DirectX 11\Direct11LessonAdvance\Direct11LessonAdvance\GameApp.cpp(1,1): warning C4828: 文件包含在偏移 0x707 处开始的字符，该字符在当前源字符集中无效(代码页 65001)。
D:\code\C++\DirectX 11\Direct11LessonAdvance\Direct11LessonAdvance\GameApp.cpp(1,1): warning C4828: 文件包含在偏移 0x708 处开始的字符，该字符在当前源字符集中无效(代码页 65001)。
D:\code\C++\DirectX 11\Direct11LessonAdvance\Direct11LessonAdvance\GameApp.cpp(1,1): warning C4828: 文件包含在偏移 0x7b3 处开始的字符，该字符在当前源字符集中无效(代码页 65001)。
D:\code\C++\DirectX 11\Direct11LessonAdvance\Direct11LessonAdvance\GameApp.cpp(1,1): warning C4828: 文件包含在偏移 0x7b5 处开始的字符，该字符在当前源字符集中无效(代码页 65001)。
D:\code\C++\DirectX 11\Direct11LessonAdvance\Direct11LessonAdvance\GameApp.cpp(1,1): warning C4828: 文件包含在偏移 0x85f 处开始的字符，该字符在当前源字符集中无效(代码页 65001)。
D:\code\C++\DirectX 11\Direct11LessonAdvance\Direct11LessonAdvance\GameApp.cpp(1,1): warning C4828: 文件包含在偏移 0x860 处开始的字符，该字符在当前源字符集中无效(代码页 65001)。
D:\code\C++\DirectX 11\Direct11LessonAdvance\Direct11LessonAdvance\GameApp.cpp(1,1): warning C4828: 文件包含在偏移 0x861 处开始的字符，该字符在当前源字符集中无效(代码页 65001)。
D:\code\C++\DirectX 11\Direct11LessonAdvance\Direct11LessonAdvance\GameApp.cpp(1,1): warning C4828: 文件包含在偏移 0x862 处开始的字符，该字符在当前源字符集中无效(代码页 65001)。
D:\code\C++\DirectX 11\Direct11LessonAdvance\Direct11LessonAdvance\GameApp.cpp(1,1): warning C4828: 文件包含在偏移 0x865 处开始的字符，该字符在当前源字符集中无效(代码页 65001)。
D:\code\C++\DirectX 11\Direct11LessonAdvance\Direct11LessonAdvance\GameApp.cpp(1,1): warning C4828: 文件包含在偏移 0x866 处开始的字符，该字符在当前源字符集中无效(代码页 65001)。
D:\code\C++\DirectX 11\Direct11LessonAdvance\Direct11LessonAdvance\GameApp.cpp(1,1): warning C4828: 文件包含在偏移 0x867 处开始的字符，该字符在当前源字符集中无效(代码页 65001)。
D:\code\C++\DirectX 11\Direct11LessonAdvance\Direct11LessonAdvance\GameApp.cpp(1,1): warning C4828: 文件包含在偏移 0x869 处开始的字符，该字符在当前源字符集中无效(代码页 65001)。
D:\code\C++\DirectX 11\Direct11LessonAdvance\Direct11LessonAdvance\GameApp.cpp(1,1): warning C4828: 文件包含在偏移 0x896 处开始的字符，该字符在当前源字符集中无效(代码页 65001)。
D:\code\C++\DirectX 11\Direct11LessonAdvance\Direct11LessonAdvance\GameApp.cpp(1,1): warning C4828: 文件包含在偏移 0x898 处开始的字符，该字符在当前源字符集中无效(代码页 65001)。
D:\code\C++\DirectX 11\Direct11LessonAdvance\Direct11LessonAdvance\GameApp.cpp(1,1): warning C4828: 文件包含在偏移 0x89a 处开始的字符，该字符在当前源字符集中无效(代码页 65001)。
D:\code\C++\DirectX 11\Direct11LessonAdvance\Direct11LessonAdvance\GameApp.cpp(1,1): warning C4828: 文件包含在偏移 0x89b 处开始的字符，该字符在当前源字符集中无效(代码页 65001)。
D:\code\C++\DirectX 11\Direct11LessonAdvance\Direct11LessonAdvance\GameApp.cpp(1,1): warning C4828: 文件包含在偏移 0x89c 处开始的字符，该字符在当前源字符集中无效(代码页 65001)。
D:\code\C++\DirectX 11\Direct11LessonAdvance\Direct11LessonAdvance\GameApp.cpp(1,1): warning C4828: 文件包含在偏移 0x89d 处开始的字符，该字符在当前源字符集中无效(代码页 65001)。
D:\code\C++\DirectX 11\Direct11LessonAdvance\Direct11LessonAdvance\GameApp.cpp(1,1): warning C4828: 文件包含在偏移 0x8a0 处开始的字符，该字符在当前源字符集中无效(代码页 65001)。
D:\code\C++\DirectX 11\Direct11LessonAdvance\Direct11LessonAdvance\GameApp.cpp(1,1): warning C4828: 文件包含在偏移 0xb11 处开始的字符，该字符在当前源字符集中无效(代码页 65001)。
D:\code\C++\DirectX 11\Direct11LessonAdvance\Direct11LessonAdvance\GameApp.cpp(1,1): warning C4828: 文件包含在偏移 0xb12 处开始的字符，该字符在当前源字符集中无效(代码页 65001)。
D:\code\C++\DirectX 11\Direct11LessonAdvance\Direct11LessonAdvance\GameApp.cpp(1,1): warning C4828: 文件包含在偏移 0xb13 处开始的字符，该字符在当前源字符集中无效(代码页 65001)。
D:\code\C++\DirectX 11\Direct11LessonAdvance\Direct11LessonAdvance\GameApp.cpp(1,1): warning C4828: 文件包含在偏移 0xb15 处开始的字符，该字符在当前源字符集中无效(代码页 65001)。
D:\code\C++\DirectX 11\Direct11LessonAdvance\Direct11LessonAdvance\GameApp.cpp(1,1): warning C4828: 文件包含在偏移 0xb17 处开始的字符，该字符在当前源字符集中无效(代码页 65001)。
D:\code\C++\DirectX 11\Direct11LessonAdvance\Direct11LessonAdvance\GameApp.cpp(1,1): warning C4828: 文件包含在偏移 0xb18 处开始的字符，该字符在当前源字符集中无效(代码页 65001)。
D:\code\C++\DirectX 11\Direct11LessonAdvance\Direct11LessonAdvance\GameApp.cpp(1,1): warning C4828: 文件包含在偏移 0xb1b 处开始的字符，该字符在当前源字符集中无效(代码页 65001)。
D:\code\C++\DirectX 11\Direct11LessonAdvance\Direct11LessonAdvance\GameApp.cpp(1,1): warning C4828: 文件包含在偏移 0xb1c 处开始的字符，该字符在当前源字符集中无效(代码页 65001)。
D:\code\C++\DirectX 11\Direct11LessonAdvance\Direct11LessonAdvance\GameApp.cpp(1,1): warning C4828: 文件包含在偏移 0xb1d 处开始的字符，该字符在当前源字符集中无效(代码页 65001)。
D:\code\C++\DirectX 11\Direct11LessonAdvance\Direct11LessonAdvance\GameApp.cpp(1,1): warning C4828: 文件包含在偏移 0xb1e 处开始的字符，该字符在当前源字符集中无效(代码页 65001)。
D:\code\C++\DirectX 11\Direct11LessonAdvance\Direct11LessonAdvance\GameApp.cpp(1,1): warning C4828: 文件包含在偏移 0xb1f 处开始的字符，该字符在当前源字符集中无效(代码页 65001)。
D:\code\C++\DirectX 11\Direct11LessonAdvance\Direct11LessonAdvance\GameApp.cpp(1,1): warning C4828: 文件包含在偏移 0xb20 处开始的字符，该字符在当前源字符集中无效(代码页 65001)。
D:\code\C++\DirectX 11\Direct11LessonAdvance\Direct11LessonAdvance\GameApp.cpp(1,1): warning C4828: 文件包含在偏移 0xb24 处开始的字符，该字符在当前源字符集中无效(代码页 65001)。
D:\code\C++\DirectX 11\Direct11LessonAdvance\Direct11LessonAdvance\GameApp.cpp(1,1): warning C4828: 文件包含在偏移 0xb29 处开始的字符，该字符在当前源字符集中无效(代码页 65001)。
D:\code\C++\DirectX 11\Direct11LessonAdvance\Direct11LessonAdvance\GameApp.cpp(1,1): warning C4828: 文件包含在偏移 0xb2b 处开始的字符，该字符在当前源字符集中无效(代码页 65001)。
D:\code\C++\DirectX 11\Direct11LessonAdvance\Direct11LessonAdvance\GameApp.cpp(1,1): warning C4828: 文件包含在偏移 0xb2c 处开始的字符，该字符在当前源字符集中无效(代码页 65001)。
D:\code\C++\DirectX 11\Direct11LessonAdvance\Direct11LessonAdvance\GameApp.cpp(1,1): warning C4828: 文件包含在偏移 0xc04 处开始的字符，该字符在当前源字符集中无效(代码页 65001)。
D:\code\C++\DirectX 11\Direct11LessonAdvance\Direct11LessonAdvance\GameApp.cpp(1,1): warning C4828: 文件包含在偏移 0xc05 处开始的字符，该字符在当前源字符集中无效(代码页 65001)。
D:\code\C++\DirectX 11\Direct11LessonAdvance\Direct11LessonAdvance\GameApp.cpp(1,1): warning C4828: 文件包含在偏移 0xc09 处开始的字符，该字符在当前源字符集中无效(代码页 65001)。
D:\code\C++\DirectX 11\Direct11LessonAdvance\Direct11LessonAdvance\GameApp.cpp(1,1): warning C4828: 文件包含在偏移 0xc0b 处开始的字符，该字符在当前源字符集中无效(代码页 65001)。
D:\code\C++\DirectX 11\Direct11LessonAdvance\Direct11LessonAdvance\GameApp.cpp(1,1): warning C4828: 文件包含在偏移 0xd47 处开始的字符，该字符在当前源字符集中无效(代码页 65001)。
D:\code\C++\DirectX 11\Direct11LessonAdvance\Direct11LessonAdvance\GameApp.cpp(1,1): warning C4828: 文件包含在偏移 0xd48 处开始的字符，该字符在当前源字符集中无效(代码页 65001)。
D:\code\C++\DirectX 11\Direct11LessonAdvance\Direct11LessonAdvance\GameApp.cpp(1,1): warning C4828: 文件包含在偏移 0xd4a 处开始的字符，该字符在当前源字符集中无效(代码页 65001)。
D:\code\C++\DirectX 11\Direct11LessonAdvance\Direct11LessonAdvance\GameApp.cpp(1,1): warning C4828: 文件包含在偏移 0xd4b 处开始的字符，该字符在当前源字符集中无效(代码页 65001)。
D:\code\C++\DirectX 11\Direct11LessonAdvance\Direct11LessonAdvance\GameApp.cpp(1,1): warning C4828: 文件包含在偏移 0xd4d 处开始的字符，该字符在当前源字符集中无效(代码页 65001)。
D:\code\C++\DirectX 11\Direct11LessonAdvance\Direct11LessonAdvance\GameApp.cpp(1,1): warning C4828: 文件包含在偏移 0xd4e 处开始的字符，该字符在当前源字符集中无效(代码页 65001)。
D:\code\C++\DirectX 11\Direct11LessonAdvance\Direct11LessonAdvance\GameApp.cpp(1,1): warning C4828: 文件包含在偏移 0xd50 处开始的字符，该字符在当前源字符集中无效(代码页 65001)。
D:\code\C++\DirectX 11\Direct11LessonAdvance\Direct11LessonAdvance\GameApp.cpp(1,1): warning C4828: 文件包含在偏移 0xd52 处开始的字符，该字符在当前源字符集中无效(代码页 65001)。
D:\code\C++\DirectX 11\Direct11LessonAdvance\Direct11LessonAdvance\GameApp.cpp(1,1): warning C4828: 文件包含在偏移 0xd54 处开始的字符，该字符在当前源字符集中无效(代码页 65001)。
D:\code\C++\DirectX 11\Direct11LessonAdvance\Direct11LessonAdvance\GameApp.cpp(1,1): warning C4828: 文件包含在偏移 0xd56 处开始的字符，该字符在当前源字符集中无效(代码页 65001)。
D:\code\C++\DirectX 11\Direct11LessonAdvance\Direct11LessonAdvance\GameApp.cpp(1,1): warning C4828: 文件包含在偏移 0xd58 处开始的字符，该字符在当前源字符集中无效(代码页 65001)。
D:\code\C++\DirectX 11\Direct11LessonAdvance\Direct11LessonAdvance\GameApp.cpp(1,1): warning C4828: 文件包含在偏移 0xd59 处开始的字符，该字符在当前源字符集中无效(代码页 65001)。
D:\code\C++\DirectX 11\Direct11LessonAdvance\Direct11LessonAdvance\GameApp.cpp(1,1): warning C4828: 文件包含在偏移 0xd5a 处开始的字符，该字符在当前源字符集中无效(代码页 65001)。
D:\code\C++\DirectX 11\Direct11LessonAdvance\Direct11LessonAdvance\GameApp.cpp(1,1): warning C4828: 文件包含在偏移 0xd5d 处开始的字符，该字符在当前源字符集中无效(代码页 65001)。
D:\code\C++\DirectX 11\Direct11LessonAdvance\Direct11LessonAdvance\GameApp.cpp(1,1): warning C4828: 文件包含在偏移 0xd5f 处开始的字符，该字符在当前源字符集中无效(代码页 65001)。
D:\code\C++\DirectX 11\Direct11LessonAdvance\Direct11LessonAdvance\GameApp.cpp(1,1): warning C4828: 文件包含在偏移 0xd69 处开始的字符，该字符在当前源字符集中无效(代码页 65001)。
D:\code\C++\DirectX 11\Direct11LessonAdvance\Direct11LessonAdvance\GameApp.cpp(1,1): warning C4828: 文件包含在偏移 0xd6a 处开始的字符，该字符在当前源字符集中无效(代码页 65001)。
D:\code\C++\DirectX 11\Direct11LessonAdvance\Direct11LessonAdvance\GameApp.cpp(1,1): warning C4828: 文件包含在偏移 0xd6b 处开始的字符，该字符在当前源字符集中无效(代码页 65001)。
D:\code\C++\DirectX 11\Direct11LessonAdvance\Direct11LessonAdvance\GameApp.cpp(1,1): warning C4828: 文件包含在偏移 0xd6d 处开始的字符，该字符在当前源字符集中无效(代码页 65001)。
D:\code\C++\DirectX 11\Direct11LessonAdvance\Direct11LessonAdvance\GameApp.cpp(1,1): warning C4828: 文件包含在偏移 0xd6f 处开始的字符，该字符在当前源字符集中无效(代码页 65001)。
D:\code\C++\DirectX 11\Direct11LessonAdvance\Direct11LessonAdvance\GameApp.cpp(1,1): warning C4828: 文件包含在偏移 0xd70 处开始的字符，该字符在当前源字符集中无效(代码页 65001)。
D:\code\C++\DirectX 11\Direct11LessonAdvance\Direct11LessonAdvance\GameApp.cpp(1,1): warning C4828: 文件包含在偏移 0xf69 处开始的字符，该字符在当前源字符集中无效(代码页 65001)。
D:\code\C++\DirectX 11\Direct11LessonAdvance\Direct11LessonAdvance\GameApp.cpp(1,1): warning C4828: 文件包含在偏移 0xf6a 处开始的字符，该字符在当前源字符集中无效(代码页 65001)。
D:\code\C++\DirectX 11\Direct11LessonAdvance\Direct11LessonAdvance\GameApp.cpp(1,1): warning C4828: 文件包含在偏移 0xf6b 处开始的字符，该字符在当前源字符集中无效(代码页 65001)。
D:\code\C++\DirectX 11\Direct11LessonAdvance\Direct11LessonAdvance\GameApp.cpp(1,1): warning C4828: 文件包含在偏移 0xf6d 处开始的字符，该字符在当前源字符集中无效(代码页 65001)。
D:\code\C++\DirectX 11\Direct11LessonAdvance\Direct11LessonAdvance\GameApp.cpp(1,1): warning C4828: 文件包含在偏移 0xf6f 处开始的字符，该字符在当前源字符集中无效(代码页 65001)。
D:\code\C++\DirectX 11\Direct11LessonAdvance\Direct11LessonAdvance\GameApp.cpp(1,1): warning C4828: 文件包含在偏移 0xf70 处开始的字符，该字符在当前源字符集中无效(代码页 65001)。
D:\code\C++\DirectX 11\Direct11LessonAdvance\Direct11LessonAdvance\GameApp.cpp(1,1): warning C4828: 文件包含在偏移 0xf73 处开始的字符，该字符在当前源字符集中无效(代码页 65001)。
D:\code\C++\DirectX 11\Direct11LessonAdvance\Direct11LessonAdvance\GameApp.cpp(1,1): warning C4828: 文件包含在偏移 0xf75 处开始的字符，该字符在当前源字符集中无效(代码页 65001)。
D:\code\C++\DirectX 11\Direct11LessonAdvance\Direct11LessonAdvance\GameApp.cpp(1,1): warning C4828: 文件包含在偏移 0xf77 处开始的字符，该字符在当前源字符集中无效(代码页 65001)。
D:\code\C++\DirectX 11\Direct11LessonAdvance\Direct11LessonAdvance\GameApp.cpp(1,1): warning C4828: 文件包含在偏移 0xf79 处开始的字符，该字符在当前源字符集中无效(代码页 65001)。
D:\code\C++\DirectX 11\Direct11LessonAdvance\Direct11LessonAdvance\GameApp.cpp(1,1): warning C4828: 文件包含在偏移 0xf9d 处开始的字符，该字符在当前源字符集中无效(代码页 65001)。
D:\code\C++\DirectX 11\Direct11LessonAdvance\Direct11LessonAdvance\GameApp.cpp(1,1): warning C4828: 文件包含在偏移 0xf9e 处开始的字符，该字符在当前源字符集中无效(代码页 65001)。
D:\code\C++\DirectX 11\Direct11LessonAdvance\Direct11LessonAdvance\GameApp.cpp(1,1): warning C4828: 文件包含在偏移 0xfa0 处开始的字符，该字符在当前源字符集中无效(代码页 65001)。
D:\code\C++\DirectX 11\Direct11LessonAdvance\Direct11LessonAdvance\GameApp.cpp(1,1): warning C4828: 文件包含在偏移 0xfa1 处开始的字符，该字符在当前源字符集中无效(代码页 65001)。
D:\code\C++\DirectX 11\Direct11LessonAdvance\Direct11LessonAdvance\GameApp.cpp(1,1): warning C4828: 文件包含在偏移 0xfa3 处开始的字符，该字符在当前源字符集中无效(代码页 65001)。
D:\code\C++\DirectX 11\Direct11LessonAdvance\Direct11LessonAdvance\GameApp.cpp(1,1): warning C4828: 文件包含在偏移 0xfac 处开始的字符，该字符在当前源字符集中无效(代码页 65001)。
D:\code\C++\DirectX 11\Direct11LessonAdvance\Direct11LessonAdvance\GameApp.cpp(1,1): warning C4828: 文件包含在偏移 0xfad 处开始的字符，该字符在当前源字符集中无效(代码页 65001)。
D:\code\C++\DirectX 11\Direct11LessonAdvance\Direct11LessonAdvance\GameApp.cpp(1,1): warning C4828: 文件包含在偏移 0xfae 处开始的字符，该字符在当前源字符集中无效(代码页 65001)。
D:\code\C++\DirectX 11\Direct11LessonAdvance\Direct11LessonAdvance\GameApp.cpp(1,1): warning C4828: 文件包含在偏移 0xfb0 处开始的字符，该字符在当前源字符集中无效(代码页 65001)。
D:\code\C++\DirectX 11\Direct11LessonAdvance\Direct11LessonAdvance\GameApp.cpp(1,1): warning C4828: 文件包含在偏移 0xfb2 处开始的字符，该字符在当前源字符集中无效(代码页 65001)。
D:\code\C++\DirectX 11\Direct11LessonAdvance\Direct11LessonAdvance\GameApp.cpp(1,1): warning C4828: 文件包含在偏移 0xfb3 处开始的字符，该字符在当前源字符集中无效(代码页 65001)。
D:\code\C++\DirectX 11\Direct11LessonAdvance\Direct11LessonAdvance\GameApp.cpp(1,1): warning C4828: 文件包含在偏移 0xfb4 处开始的字符，该字符在当前源字符集中无效(代码页 65001)。
D:\code\C++\DirectX 11\Direct11LessonAdvance\Direct11LessonAdvance\GameApp.cpp(1,1): warning C4828: 文件包含在偏移 0xfb5 处开始的字符，该字符在当前源字符集中无效(代码页 65001)。
D:\code\C++\DirectX 11\Direct11LessonAdvance\Direct11LessonAdvance\GameApp.cpp(1,1): warning C4828: 文件包含在偏移 0x1085 处开始的字符，该字符在当前源字符集中无效(代码页 65001)。
D:\code\C++\DirectX 11\Direct11LessonAdvance\Direct11LessonAdvance\GameApp.cpp(1,1): warning C4828: 文件包含在偏移 0x1086 处开始的字符，该字符在当前源字符集中无效(代码页 65001)。
D:\code\C++\DirectX 11\Direct11LessonAdvance\Direct11LessonAdvance\GameApp.cpp(1,1): warning C4828: 文件包含在偏移 0x108a 处开始的字符，该字符在当前源字符集中无效(代码页 65001)。
D:\code\C++\DirectX 11\Direct11LessonAdvance\Direct11LessonAdvance\GameApp.cpp(1,1): warning C4828: 文件包含在偏移 0x108c 处开始的字符，该字符在当前源字符集中无效(代码页 65001)。
D:\code\C++\DirectX 11\Direct11LessonAdvance\Direct11LessonAdvance\GameApp.cpp(1,1): warning C4828: 文件包含在偏移 0x108d 处开始的字符，该字符在当前源字符集中无效(代码页 65001)。
D:\code\C++\DirectX 11\Direct11LessonAdvance\Direct11LessonAdvance\GameApp.cpp(1,1): warning C4828: 文件包含在偏移 0x108f 处开始的字符，该字符在当前源字符集中无效(代码页 65001)。
D:\code\C++\DirectX 11\Direct11LessonAdvance\Direct11LessonAdvance\GameApp.cpp(1,1): warning C4828: 文件包含在偏移 0x1090 处开始的字符，该字符在当前源字符集中无效(代码页 65001)。
D:\code\C++\DirectX 11\Direct11LessonAdvance\Direct11LessonAdvance\GameApp.cpp(1,1): warning C4828: 文件包含在偏移 0x1092 处开始的字符，该字符在当前源字符集中无效(代码页 65001)。
D:\code\C++\DirectX 11\Direct11LessonAdvance\Direct11LessonAdvance\GameApp.cpp(1,1): warning C4828: 文件包含在偏移 0x1095 处开始的字符，该字符在当前源字符集中无效(代码页 65001)。
D:\code\C++\DirectX 11\Direct11LessonAdvance\Direct11LessonAdvance\GameApp.cpp(1,1): warning C4828: 文件包含在偏移 0x1097 处开始的字符，该字符在当前源字符集中无效(代码页 65001)。
D:\code\C++\DirectX 11\Direct11LessonAdvance\Direct11LessonAdvance\GameApp.cpp(1,1): warning C4828: 文件包含在偏移 0x1098 处开始的字符，该字符在当前源字符集中无效(代码页 65001)。
D:\code\C++\DirectX 11\Direct11LessonAdvance\Direct11LessonAdvance\GameApp.cpp(1,1): warning C4828: 文件包含在偏移 0x1099 处开始的字符，该字符在当前源字符集中无效(代码页 65001)。
D:\code\C++\DirectX 11\Direct11LessonAdvance\Direct11LessonAdvance\GameApp.cpp(1,1): warning C4828: 文件包含在偏移 0x109b 处开始的字符，该字符在当前源字符集中无效(代码页 65001)。
D:\code\C++\DirectX 11\Direct11LessonAdvance\Direct11LessonAdvance\GameApp.cpp(1,1): warning C4828: 文件包含在偏移 0x109d 处开始的字符，该字符在当前源字符集中无效(代码页 65001)。
D:\code\C++\DirectX 11\Direct11LessonAdvance\Direct11LessonAdvance\GameApp.cpp(1,1): warning C4828: 文件包含在偏移 0x109e 处开始的字符，该字符在当前源字符集中无效(代码页 65001)。
D:\code\C++\DirectX 11\Direct11LessonAdvance\Direct11LessonAdvance\GameApp.cpp(1,1): warning C4828: 文件包含在偏移 0x109f 处开始的字符，该字符在当前源字符集中无效(代码页 65001)。
D:\code\C++\DirectX 11\Direct11LessonAdvance\Direct11LessonAdvance\GameApp.cpp(1,1): warning C4828: 文件包含在偏移 0x10a0 处开始的字符，该字符在当前源字符集中无效(代码页 65001)。
D:\code\C++\DirectX 11\Direct11LessonAdvance\Direct11LessonAdvance\GameApp.cpp(1,1): warning C4828: 文件包含在偏移 0x10a2 处开始的字符，该字符在当前源字符集中无效(代码页 65001)。
D:\code\C++\DirectX 11\Direct11LessonAdvance\Direct11LessonAdvance\GameApp.cpp(1,1): warning C4828: 文件包含在偏移 0x10a5 处开始的字符，该字符在当前源字符集中无效(代码页 65001)。
D:\code\C++\DirectX 11\Direct11LessonAdvance\Direct11LessonAdvance\GameApp.cpp(1,1): warning C4828: 文件包含在偏移 0x10a7 处开始的字符，该字符在当前源字符集中无效(代码页 65001)。
D:\code\C++\DirectX 11\Direct11LessonAdvance\Direct11LessonAdvance\GameApp.cpp(1,1): warning C4828: 文件包含在偏移 0x10a8 处开始的字符，该字符在当前源字符集中无效(代码页 65001)。
D:\code\C++\DirectX 11\Direct11LessonAdvance\Direct11LessonAdvance\GameApp.cpp(1,1): warning C4828: 文件包含在偏移 0x10a9 处开始的字符，该字符在当前源字符集中无效(代码页 65001)。
D:\code\C++\DirectX 11\Direct11LessonAdvance\Direct11LessonAdvance\GameApp.cpp(1,1): warning C4828: 文件包含在偏移 0x10ab 处开始的字符，该字符在当前源字符集中无效(代码页 65001)。
D:\code\C++\DirectX 11\Direct11LessonAdvance\Direct11LessonAdvance\GameApp.cpp(1,1): warning C4828: 文件包含在偏移 0x1115 处开始的字符，该字符在当前源字符集中无效(代码页 65001)。
D:\code\C++\DirectX 11\Direct11LessonAdvance\Direct11LessonAdvance\GameApp.cpp(1,1): warning C4828: 文件包含在偏移 0x1117 处开始的字符，该字符在当前源字符集中无效(代码页 65001)。
D:\code\C++\DirectX 11\Direct11LessonAdvance\Direct11LessonAdvance\GameApp.cpp(1,1): warning C4828: 文件包含在偏移 0x1119 处开始的字符，该字符在当前源字符集中无效(代码页 65001)。
D:\code\C++\DirectX 11\Direct11LessonAdvance\Direct11LessonAdvance\GameApp.cpp(1,1): warning C4828: 文件包含在偏移 0x111a 处开始的字符，该字符在当前源字符集中无效(代码页 65001)。
D:\code\C++\DirectX 11\Direct11LessonAdvance\Direct11LessonAdvance\GameApp.cpp(1,1): warning C4828: 文件包含在偏移 0x111d 处开始的字符，该字符在当前源字符集中无效(代码页 65001)。
D:\code\C++\DirectX 11\Direct11LessonAdvance\Direct11LessonAdvance\GameApp.cpp(1,1): warning C4828: 文件包含在偏移 0x111e 处开始的字符，该字符在当前源字符集中无效(代码页 65001)。
D:\code\C++\DirectX 11\Direct11LessonAdvance\Direct11LessonAdvance\GameApp.cpp(1,1): warning C4828: 文件包含在偏移 0x111f 处开始的字符，该字符在当前源字符集中无效(代码页 65001)。
D:\code\C++\DirectX 11\Direct11LessonAdvance\Direct11LessonAdvance\GameApp.cpp(1,1): warning C4828: 文件包含在偏移 0x1121 处开始的字符，该字符在当前源字符集中无效(代码页 65001)。
D:\code\C++\DirectX 11\Direct11LessonAdvance\Direct11LessonAdvance\GameApp.cpp(1,1): warning C4828: 文件包含在偏移 0x1122 处开始的字符，该字符在当前源字符集中无效(代码页 65001)。
D:\code\C++\DirectX 11\Direct11LessonAdvance\Direct11LessonAdvance\GameApp.cpp(1,1): warning C4828: 文件包含在偏移 0x1123 处开始的字符，该字符在当前源字符集中无效(代码页 65001)。
D:\code\C++\DirectX 11\Direct11LessonAdvance\Direct11LessonAdvance\GameApp.cpp(1,1): warning C4828: 文件包含在偏移 0x1124 处开始的字符，该字符在当前源字符集中无效(代码页 65001)。
D:\code\C++\DirectX 11\Direct11LessonAdvance\Direct11LessonAdvance\GameApp.cpp(1,1): warning C4828: 文件包含在偏移 0x1126 处开始的字符，该字符在当前源字符集中无效(代码页 65001)。
D:\code\C++\DirectX 11\Direct11LessonAdvance\Direct11LessonAdvance\GameApp.cpp(1,1): warning C4828: 文件包含在偏移 0x1127 处开始的字符，该字符在当前源字符集中无效(代码页 65001)。
D:\code\C++\DirectX 11\Direct11LessonAdvance\Direct11LessonAdvance\GameApp.cpp(1,1): warning C4828: 文件包含在偏移 0x121a 处开始的字符，该字符在当前源字符集中无效(代码页 65001)。
D:\code\C++\DirectX 11\Direct11LessonAdvance\Direct11LessonAdvance\GameApp.cpp(1,1): warning C4828: 文件包含在偏移 0x121b 处开始的字符，该字符在当前源字符集中无效(代码页 65001)。
D:\code\C++\DirectX 11\Direct11LessonAdvance\Direct11LessonAdvance\GameApp.cpp(1,1): warning C4828: 文件包含在偏移 0x121d 处开始的字符，该字符在当前源字符集中无效(代码页 65001)。
D:\code\C++\DirectX 11\Direct11LessonAdvance\Direct11LessonAdvance\GameApp.cpp(1,1): warning C4828: 文件包含在偏移 0x121e 处开始的字符，该字符在当前源字符集中无效(代码页 65001)。
D:\code\C++\DirectX 11\Direct11LessonAdvance\Direct11LessonAdvance\GameApp.cpp(1,1): warning C4828: 文件包含在偏移 0x1220 处开始的字符，该字符在当前源字符集中无效(代码页 65001)。
D:\code\C++\DirectX 11\Direct11LessonAdvance\Direct11LessonAdvance\GameApp.cpp(1,1): warning C4828: 文件包含在偏移 0x1221 处开始的字符，该字符在当前源字符集中无效(代码页 65001)。
D:\code\C++\DirectX 11\Direct11LessonAdvance\Direct11LessonAdvance\GameApp.cpp(1,1): warning C4828: 文件包含在偏移 0x1223 处开始的字符，该字符在当前源字符集中无效(代码页 65001)。
D:\code\C++\DirectX 11\Direct11LessonAdvance\Direct11LessonAdvance\GameApp.cpp(1,1): warning C4828: 文件包含在偏移 0x1226 处开始的字符，该字符在当前源字符集中无效(代码页 65001)。
D:\code\C++\DirectX 11\Direct11LessonAdvance\Direct11LessonAdvance\GameApp.cpp(1,1): warning C4828: 文件包含在偏移 0x1227 处开始的字符，该字符在当前源字符集中无效(代码页 65001)。
D:\code\C++\DirectX 11\Direct11LessonAdvance\Direct11LessonAdvance\GameApp.cpp(1,1): warning C4828: 文件包含在偏移 0x1228 处开始的字符，该字符在当前源字符集中无效(代码页 65001)。
D:\code\C++\DirectX 11\Direct11LessonAdvance\Direct11LessonAdvance\GameApp.cpp(1,1): warning C4828: 文件包含在偏移 0x122b 处开始的字符，该字符在当前源字符集中无效(代码页 65001)。
D:\code\C++\DirectX 11\Direct11LessonAdvance\Direct11LessonAdvance\GameApp.cpp(1,1): warning C4828: 文件包含在偏移 0x122d 处开始的字符，该字符在当前源字符集中无效(代码页 65001)。
D:\code\C++\DirectX 11\Direct11LessonAdvance\Direct11LessonAdvance\GameApp.cpp(1,1): warning C4828: 文件包含在偏移 0x1271 处开始的字符，该字符在当前源字符集中无效(代码页 65001)。
D:\code\C++\DirectX 11\Direct11LessonAdvance\Direct11LessonAdvance\GameApp.cpp(1,1): warning C4828: 文件包含在偏移 0x1273 处开始的字符，该字符在当前源字符集中无效(代码页 65001)。
D:\code\C++\DirectX 11\Direct11LessonAdvance\Direct11LessonAdvance\GameApp.cpp(1,1): warning C4828: 文件包含在偏移 0x1275 处开始的字符，该字符在当前源字符集中无效(代码页 65001)。
D:\code\C++\DirectX 11\Direct11LessonAdvance\Direct11LessonAdvance\GameApp.cpp(1,1): warning C4828: 文件包含在偏移 0x1277 处开始的字符，该字符在当前源字符集中无效(代码页 65001)。
D:\code\C++\DirectX 11\Direct11LessonAdvance\Direct11LessonAdvance\GameApp.cpp(1,1): warning C4828: 文件包含在偏移 0x1323 处开始的字符，该字符在当前源字符集中无效(代码页 65001)。
D:\code\C++\DirectX 11\Direct11LessonAdvance\Direct11LessonAdvance\GameApp.cpp(1,1): warning C4828: 文件包含在偏移 0x1324 处开始的字符，该字符在当前源字符集中无效(代码页 65001)。
D:\code\C++\DirectX 11\Direct11LessonAdvance\Direct11LessonAdvance\GameApp.cpp(1,1): warning C4828: 文件包含在偏移 0x1325 处开始的字符，该字符在当前源字符集中无效(代码页 65001)。
D:\code\C++\DirectX 11\Direct11LessonAdvance\Direct11LessonAdvance\GameApp.cpp(1,1): warning C4828: 文件包含在偏移 0x1327 处开始的字符，该字符在当前源字符集中无效(代码页 65001)。
D:\code\C++\DirectX 11\Direct11LessonAdvance\Direct11LessonAdvance\GameApp.cpp(1,1): warning C4828: 文件包含在偏移 0x132a 处开始的字符，该字符在当前源字符集中无效(代码页 65001)。
D:\code\C++\DirectX 11\Direct11LessonAdvance\Direct11LessonAdvance\GameApp.cpp(1,1): warning C4828: 文件包含在偏移 0x132d 处开始的字符，该字符在当前源字符集中无效(代码页 65001)。
D:\code\C++\DirectX 11\Direct11LessonAdvance\Direct11LessonAdvance\GameApp.cpp(1,1): warning C4828: 文件包含在偏移 0x13b5 处开始的字符，该字符在当前源字符集中无效(代码页 65001)。
D:\code\C++\DirectX 11\Direct11LessonAdvance\Direct11LessonAdvance\GameApp.cpp(1,1): warning C4828: 文件包含在偏移 0x13b7 处开始的字符，该字符在当前源字符集中无效(代码页 65001)。
D:\code\C++\DirectX 11\Direct11LessonAdvance\Direct11LessonAdvance\GameApp.cpp(1,1): warning C4828: 文件包含在偏移 0x13b9 处开始的字符，该字符在当前源字符集中无效(代码页 65001)。
D:\code\C++\DirectX 11\Direct11LessonAdvance\Direct11LessonAdvance\GameApp.cpp(1,1): warning C4828: 文件包含在偏移 0x13ba 处开始的字符，该字符在当前源字符集中无效(代码页 65001)。
D:\code\C++\DirectX 11\Direct11LessonAdvance\Direct11LessonAdvance\GameApp.cpp(1,1): warning C4828: 文件包含在偏移 0x13be 处开始的字符，该字符在当前源字符集中无效(代码页 65001)。
D:\code\C++\DirectX 11\Direct11LessonAdvance\Direct11LessonAdvance\GameApp.cpp(1,1): warning C4828: 文件包含在偏移 0x13ec 处开始的字符，该字符在当前源字符集中无效(代码页 65001)。
D:\code\C++\DirectX 11\Direct11LessonAdvance\Direct11LessonAdvance\GameApp.cpp(1,1): warning C4828: 文件包含在偏移 0x13ee 处开始的字符，该字符在当前源字符集中无效(代码页 65001)。
D:\code\C++\DirectX 11\Direct11LessonAdvance\Direct11LessonAdvance\GameApp.cpp(1,1): warning C4828: 文件包含在偏移 0x13f0 处开始的字符，该字符在当前源字符集中无效(代码页 65001)。
D:\code\C++\DirectX 11\Direct11LessonAdvance\Direct11LessonAdvance\GameApp.cpp(1,1): warning C4828: 文件包含在偏移 0x13f1 处开始的字符，该字符在当前源字符集中无效(代码页 65001)。
D:\code\C++\DirectX 11\Direct11LessonAdvance\Direct11LessonAdvance\GameApp.cpp(1,1): warning C4828: 文件包含在偏移 0x13f6 处开始的字符，该字符在当前源字符集中无效(代码页 65001)。
D:\code\C++\DirectX 11\Direct11LessonAdvance\Direct11LessonAdvance\GameApp.cpp(1,1): warning C4828: 文件包含在偏移 0x13f8 处开始的字符，该字符在当前源字符集中无效(代码页 65001)。
D:\code\C++\DirectX 11\Direct11LessonAdvance\Direct11LessonAdvance\GameApp.cpp(1,1): warning C4828: 文件包含在偏移 0x13f9 处开始的字符，该字符在当前源字符集中无效(代码页 65001)。
D:\code\C++\DirectX 11\Direct11LessonAdvance\Direct11LessonAdvance\GameApp.cpp(1,1): warning C4828: 文件包含在偏移 0x1878 处开始的字符，该字符在当前源字符集中无效(代码页 65001)。
D:\code\C++\DirectX 11\Direct11LessonAdvance\Direct11LessonAdvance\GameApp.cpp(1,1): warning C4828: 文件包含在偏移 0x1879 处开始的字符，该字符在当前源字符集中无效(代码页 65001)。
D:\code\C++\DirectX 11\Direct11LessonAdvance\Direct11LessonAdvance\GameApp.cpp(1,1): warning C4828: 文件包含在偏移 0x187b 处开始的字符，该字符在当前源字符集中无效(代码页 65001)。
D:\code\C++\DirectX 11\Direct11LessonAdvance\Direct11LessonAdvance\GameApp.cpp(1,1): warning C4828: 文件包含在偏移 0x187e 处开始的字符，该字符在当前源字符集中无效(代码页 65001)。
D:\code\C++\DirectX 11\Direct11LessonAdvance\Direct11LessonAdvance\GameApp.cpp(1,1): warning C4828: 文件包含在偏移 0x1880 处开始的字符，该字符在当前源字符集中无效(代码页 65001)。
D:\code\C++\DirectX 11\Direct11LessonAdvance\Direct11LessonAdvance\GameApp.cpp(1,1): warning C4828: 文件包含在偏移 0x1881 处开始的字符，该字符在当前源字符集中无效(代码页 65001)。
D:\code\C++\DirectX 11\Direct11LessonAdvance\Direct11LessonAdvance\GameApp.cpp(1,1): warning C4828: 文件包含在偏移 0x1882 处开始的字符，该字符在当前源字符集中无效(代码页 65001)。
D:\code\C++\DirectX 11\Direct11LessonAdvance\Direct11LessonAdvance\GameApp.cpp(1,1): warning C4828: 文件包含在偏移 0x1883 处开始的字符，该字符在当前源字符集中无效(代码页 65001)。
D:\code\C++\DirectX 11\Direct11LessonAdvance\Direct11LessonAdvance\GameApp.cpp(1,1): warning C4828: 文件包含在偏移 0x1973 处开始的字符，该字符在当前源字符集中无效(代码页 65001)。
D:\code\C++\DirectX 11\Direct11LessonAdvance\Direct11LessonAdvance\GameApp.cpp(1,1): warning C4828: 文件包含在偏移 0x1975 处开始的字符，该字符在当前源字符集中无效(代码页 65001)。
D:\code\C++\DirectX 11\Direct11LessonAdvance\Direct11LessonAdvance\GameApp.cpp(1,1): warning C4828: 文件包含在偏移 0x1976 处开始的字符，该字符在当前源字符集中无效(代码页 65001)。
D:\code\C++\DirectX 11\Direct11LessonAdvance\Direct11LessonAdvance\GameApp.cpp(1,1): warning C4828: 文件包含在偏移 0x197a 处开始的字符，该字符在当前源字符集中无效(代码页 65001)。
D:\code\C++\DirectX 11\Direct11LessonAdvance\Direct11LessonAdvance\GameApp.cpp(1,1): warning C4828: 文件包含在偏移 0x197e 处开始的字符，该字符在当前源字符集中无效(代码页 65001)。
D:\code\C++\DirectX 11\Direct11LessonAdvance\Direct11LessonAdvance\GameApp.cpp(1,1): warning C4828: 文件包含在偏移 0x1983 处开始的字符，该字符在当前源字符集中无效(代码页 65001)。
D:\code\C++\DirectX 11\Direct11LessonAdvance\Direct11LessonAdvance\GameApp.cpp(1,1): warning C4828: 文件包含在偏移 0x1985 处开始的字符，该字符在当前源字符集中无效(代码页 65001)。
D:\code\C++\DirectX 11\Direct11LessonAdvance\Direct11LessonAdvance\GameApp.cpp(1,1): warning C4828: 文件包含在偏移 0x1986 处开始的字符，该字符在当前源字符集中无效(代码页 65001)。
D:\code\C++\DirectX 11\Direct11LessonAdvance\Direct11LessonAdvance\GameApp.cpp(1,1): warning C4828: 文件包含在偏移 0x1987 处开始的字符，该字符在当前源字符集中无效(代码页 65001)。
D:\code\C++\DirectX 11\Direct11LessonAdvance\Direct11LessonAdvance\GameApp.cpp(1,1): warning C4828: 文件包含在偏移 0x198a 处开始的字符，该字符在当前源字符集中无效(代码页 65001)。
D:\code\C++\DirectX 11\Direct11LessonAdvance\Direct11LessonAdvance\GameApp.cpp(1,1): warning C4828: 文件包含在偏移 0x198b 处开始的字符，该字符在当前源字符集中无效(代码页 65001)。
D:\code\C++\DirectX 11\Direct11LessonAdvance\Direct11LessonAdvance\GameApp.cpp(1,1): warning C4828: 文件包含在偏移 0x198d 处开始的字符，该字符在当前源字符集中无效(代码页 65001)。
D:\code\C++\DirectX 11\Direct11LessonAdvance\Direct11LessonAdvance\GameApp.cpp(1,1): warning C4828: 文件包含在偏移 0x198f 处开始的字符，该字符在当前源字符集中无效(代码页 65001)。
D:\code\C++\DirectX 11\Direct11LessonAdvance\Direct11LessonAdvance\GameApp.cpp(1,1): warning C4828: 文件包含在偏移 0x1990 处开始的字符，该字符在当前源字符集中无效(代码页 65001)。
D:\code\C++\DirectX 11\Direct11LessonAdvance\Direct11LessonAdvance\GameApp.cpp(1,1): warning C4828: 文件包含在偏移 0x1992 处开始的字符，该字符在当前源字符集中无效(代码页 65001)。
D:\code\C++\DirectX 11\Direct11LessonAdvance\Direct11LessonAdvance\GameApp.cpp(1,1): warning C4828: 文件包含在偏移 0x1994 处开始的字符，该字符在当前源字符集中无效(代码页 65001)。
D:\code\C++\DirectX 11\Direct11LessonAdvance\Direct11LessonAdvance\GameApp.cpp(1,1): warning C4828: 文件包含在偏移 0x1c8e 处开始的字符，该字符在当前源字符集中无效(代码页 65001)。
D:\code\C++\DirectX 11\Direct11LessonAdvance\Direct11LessonAdvance\GameApp.cpp(1,1): warning C4828: 文件包含在偏移 0x1c8f 处开始的字符，该字符在当前源字符集中无效(代码页 65001)。
D:\code\C++\DirectX 11\Direct11LessonAdvance\Direct11LessonAdvance\GameApp.cpp(1,1): warning C4828: 文件包含在偏移 0x1c92 处开始的字符，该字符在当前源字符集中无效(代码页 65001)。
D:\code\C++\DirectX 11\Direct11LessonAdvance\Direct11LessonAdvance\GameApp.cpp(1,1): warning C4828: 文件包含在偏移 0x1c93 处开始的字符，该字符在当前源字符集中无效(代码页 65001)。
D:\code\C++\DirectX 11\Direct11LessonAdvance\Direct11LessonAdvance\GameApp.cpp(1,1): warning C4828: 文件包含在偏移 0x1c94 处开始的字符，该字符在当前源字符集中无效(代码页 65001)。
D:\code\C++\DirectX 11\Direct11LessonAdvance\Direct11LessonAdvance\GameApp.cpp(1,1): warning C4828: 文件包含在偏移 0x1c95 处开始的字符，该字符在当前源字符集中无效(代码页 65001)。
D:\code\C++\DirectX 11\Direct11LessonAdvance\Direct11LessonAdvance\GameApp.cpp(1,1): warning C4828: 文件包含在偏移 0x1c97 处开始的字符，该字符在当前源字符集中无效(代码页 65001)。
D:\code\C++\DirectX 11\Direct11LessonAdvance\Direct11LessonAdvance\GameApp.cpp(1,1): warning C4828: 文件包含在偏移 0x1c98 处开始的字符，该字符在当前源字符集中无效(代码页 65001)。
D:\code\C++\DirectX 11\Direct11LessonAdvance\Direct11LessonAdvance\GameApp.cpp(1,1): warning C4828: 文件包含在偏移 0x1ced 处开始的字符，该字符在当前源字符集中无效(代码页 65001)。
D:\code\C++\DirectX 11\Direct11LessonAdvance\Direct11LessonAdvance\GameApp.cpp(1,1): warning C4828: 文件包含在偏移 0x1cee 处开始的字符，该字符在当前源字符集中无效(代码页 65001)。
D:\code\C++\DirectX 11\Direct11LessonAdvance\Direct11LessonAdvance\GameApp.cpp(1,1): warning C4828: 文件包含在偏移 0x1cf9 处开始的字符，该字符在当前源字符集中无效(代码页 65001)。
D:\code\C++\DirectX 11\Direct11LessonAdvance\Direct11LessonAdvance\GameApp.cpp(1,1): warning C4828: 文件包含在偏移 0x1cfa 处开始的字符，该字符在当前源字符集中无效(代码页 65001)。
D:\code\C++\DirectX 11\Direct11LessonAdvance\Direct11LessonAdvance\GameApp.cpp(1,1): warning C4828: 文件包含在偏移 0x1cfb 处开始的字符，该字符在当前源字符集中无效(代码页 65001)。
D:\code\C++\DirectX 11\Direct11LessonAdvance\Direct11LessonAdvance\GameApp.cpp(1,1): warning C4828: 文件包含在偏移 0x1cfc 处开始的字符，该字符在当前源字符集中无效(代码页 65001)。
D:\code\C++\DirectX 11\Direct11LessonAdvance\Direct11LessonAdvance\GameApp.cpp(1,1): warning C4828: 文件包含在偏移 0x1d96 处开始的字符，该字符在当前源字符集中无效(代码页 65001)。
D:\code\C++\DirectX 11\Direct11LessonAdvance\Direct11LessonAdvance\GameApp.cpp(1,1): warning C4828: 文件包含在偏移 0x1d98 处开始的字符，该字符在当前源字符集中无效(代码页 65001)。
D:\code\C++\DirectX 11\Direct11LessonAdvance\Direct11LessonAdvance\GameApp.cpp(1,1): warning C4828: 文件包含在偏移 0x1d99 处开始的字符，该字符在当前源字符集中无效(代码页 65001)。
D:\code\C++\DirectX 11\Direct11LessonAdvance\Direct11LessonAdvance\GameApp.cpp(1,1): warning C4828: 文件包含在偏移 0x1d9a 处开始的字符，该字符在当前源字符集中无效(代码页 65001)。
D:\code\C++\DirectX 11\Direct11LessonAdvance\Direct11LessonAdvance\GameApp.cpp(1,1): warning C4828: 文件包含在偏移 0x1d9c 处开始的字符，该字符在当前源字符集中无效(代码页 65001)。
D:\code\C++\DirectX 11\Direct11LessonAdvance\Direct11LessonAdvance\GameApp.cpp(1,1): warning C4828: 文件包含在偏移 0x1d9e 处开始的字符，该字符在当前源字符集中无效(代码页 65001)。
D:\code\C++\DirectX 11\Direct11LessonAdvance\Direct11LessonAdvance\GameApp.cpp(1,1): warning C4828: 文件包含在偏移 0x1d9f 处开始的字符，该字符在当前源字符集中无效(代码页 65001)。
D:\code\C++\DirectX 11\Direct11LessonAdvance\Direct11LessonAdvance\GameApp.cpp(1,1): warning C4828: 文件包含在偏移 0x1da8 处开始的字符，该字符在当前源字符集中无效(代码页 65001)。
D:\code\C++\DirectX 11\Direct11LessonAdvance\Direct11LessonAdvance\GameApp.cpp(1,1): warning C4828: 文件包含在偏移 0x1da9 处开始的字符，该字符在当前源字符集中无效(代码页 65001)。
D:\code\C++\DirectX 11\Direct11LessonAdvance\Direct11LessonAdvance\GameApp.cpp(1,1): warning C4828: 文件包含在偏移 0x1dab 处开始的字符，该字符在当前源字符集中无效(代码页 65001)。
D:\code\C++\DirectX 11\Direct11LessonAdvance\Direct11LessonAdvance\GameApp.cpp(1,1): warning C4828: 文件包含在偏移 0x1dac 处开始的字符，该字符在当前源字符集中无效(代码页 65001)。
D:\code\C++\DirectX 11\Direct11LessonAdvance\Direct11LessonAdvance\GameApp.cpp(1,1): warning C4828: 文件包含在偏移 0x1dae 处开始的字符，该字符在当前源字符集中无效(代码页 65001)。
D:\code\C++\DirectX 11\Direct11LessonAdvance\Direct11LessonAdvance\GameApp.cpp(1,1): warning C4828: 文件包含在偏移 0x1daf 处开始的字符，该字符在当前源字符集中无效(代码页 65001)。
D:\code\C++\DirectX 11\Direct11LessonAdvance\Direct11LessonAdvance\GameApp.cpp(1,1): warning C4828: 文件包含在偏移 0x1db3 处开始的字符，该字符在当前源字符集中无效(代码页 65001)。
D:\code\C++\DirectX 11\Direct11LessonAdvance\Direct11LessonAdvance\GameApp.cpp(1,1): warning C4828: 文件包含在偏移 0x1db4 处开始的字符，该字符在当前源字符集中无效(代码页 65001)。
D:\code\C++\DirectX 11\Direct11LessonAdvance\Direct11LessonAdvance\GameApp.cpp(1,1): warning C4828: 文件包含在偏移 0x1db6 处开始的字符，该字符在当前源字符集中无效(代码页 65001)。
D:\code\C++\DirectX 11\Direct11LessonAdvance\Direct11LessonAdvance\GameApp.cpp(1,1): warning C4828: 文件包含在偏移 0x1db7 处开始的字符，该字符在当前源字符集中无效(代码页 65001)。
D:\code\C++\DirectX 11\Direct11LessonAdvance\Direct11LessonAdvance\GameApp.cpp(1,1): warning C4828: 文件包含在偏移 0x1db9 处开始的字符，该字符在当前源字符集中无效(代码页 65001)。
D:\code\C++\DirectX 11\Direct11LessonAdvance\Direct11LessonAdvance\GameApp.cpp(1,1): warning C4828: 文件包含在偏移 0x1dba 处开始的字符，该字符在当前源字符集中无效(代码页 65001)。
D:\code\C++\DirectX 11\Direct11LessonAdvance\Direct11LessonAdvance\GameApp.cpp(1,1): warning C4828: 文件包含在偏移 0x1dbe 处开始的字符，该字符在当前源字符集中无效(代码页 65001)。
D:\code\C++\DirectX 11\Direct11LessonAdvance\Direct11LessonAdvance\GameApp.cpp(1,1): warning C4828: 文件包含在偏移 0x1dc0 处开始的字符，该字符在当前源字符集中无效(代码页 65001)。
D:\code\C++\DirectX 11\Direct11LessonAdvance\Direct11LessonAdvance\GameApp.cpp(1,1): warning C4828: 文件包含在偏移 0x1dc2 处开始的字符，该字符在当前源字符集中无效(代码页 65001)。
D:\code\C++\DirectX 11\Direct11LessonAdvance\Direct11LessonAdvance\GameApp.cpp(1,1): warning C4828: 文件包含在偏移 0x1dc4 处开始的字符，该字符在当前源字符集中无效(代码页 65001)。
D:\code\C++\DirectX 11\Direct11LessonAdvance\Direct11LessonAdvance\GameApp.cpp(1,1): warning C4828: 文件包含在偏移 0x1dc5 处开始的字符，该字符在当前源字符集中无效(代码页 65001)。
D:\code\C++\DirectX 11\Direct11LessonAdvance\Direct11LessonAdvance\GameApp.cpp(1,1): warning C4828: 文件包含在偏移 0x1ddd 处开始的字符，该字符在当前源字符集中无效(代码页 65001)。
D:\code\C++\DirectX 11\Direct11LessonAdvance\Direct11LessonAdvance\GameApp.cpp(1,1): warning C4828: 文件包含在偏移 0x1dde 处开始的字符，该字符在当前源字符集中无效(代码页 65001)。
D:\code\C++\DirectX 11\Direct11LessonAdvance\Direct11LessonAdvance\GameApp.cpp(1,1): warning C4828: 文件包含在偏移 0x1de0 处开始的字符，该字符在当前源字符集中无效(代码页 65001)。
D:\code\C++\DirectX 11\Direct11LessonAdvance\Direct11LessonAdvance\GameApp.cpp(1,1): warning C4828: 文件包含在偏移 0x1de1 处开始的字符，该字符在当前源字符集中无效(代码页 65001)。
D:\code\C++\DirectX 11\Direct11LessonAdvance\Direct11LessonAdvance\GameApp.cpp(1,1): warning C4828: 文件包含在偏移 0x1de5 处开始的字符，该字符在当前源字符集中无效(代码页 65001)。
D:\code\C++\DirectX 11\Direct11LessonAdvance\Direct11LessonAdvance\GameApp.cpp(1,1): warning C4828: 文件包含在偏移 0x1de9 处开始的字符，该字符在当前源字符集中无效(代码页 65001)。
D:\code\C++\DirectX 11\Direct11LessonAdvance\Direct11LessonAdvance\GameApp.cpp(1,1): warning C4828: 文件包含在偏移 0x1dec 处开始的字符，该字符在当前源字符集中无效(代码页 65001)。
D:\code\C++\DirectX 11\Direct11LessonAdvance\Direct11LessonAdvance\GameApp.cpp(1,1): warning C4828: 文件包含在偏移 0x1df0 处开始的字符，该字符在当前源字符集中无效(代码页 65001)。
D:\code\C++\DirectX 11\Direct11LessonAdvance\Direct11LessonAdvance\GameApp.cpp(1,1): warning C4828: 文件包含在偏移 0x1df4 处开始的字符，该字符在当前源字符集中无效(代码页 65001)。
D:\code\C++\DirectX 11\Direct11LessonAdvance\Direct11LessonAdvance\GameApp.cpp(1,1): warning C4828: 文件包含在偏移 0x1df5 处开始的字符，该字符在当前源字符集中无效(代码页 65001)。
D:\code\C++\DirectX 11\Direct11LessonAdvance\Direct11LessonAdvance\GameApp.cpp(1,1): warning C4828: 文件包含在偏移 0x1df7 处开始的字符，该字符在当前源字符集中无效(代码页 65001)。
D:\code\C++\DirectX 11\Direct11LessonAdvance\Direct11LessonAdvance\GameApp.cpp(1,1): warning C4828: 文件包含在偏移 0x1df8 处开始的字符，该字符在当前源字符集中无效(代码页 65001)。
D:\code\C++\DirectX 11\Direct11LessonAdvance\Direct11LessonAdvance\GameApp.cpp(1,1): warning C4828: 文件包含在偏移 0x1dfa 处开始的字符，该字符在当前源字符集中无效(代码页 65001)。
D:\code\C++\DirectX 11\Direct11LessonAdvance\Direct11LessonAdvance\GameApp.cpp(1,1): warning C4828: 文件包含在偏移 0x1dfb 处开始的字符，该字符在当前源字符集中无效(代码页 65001)。
D:\code\C++\DirectX 11\Direct11LessonAdvance\Direct11LessonAdvance\GameApp.cpp(1,1): warning C4828: 文件包含在偏移 0x1dfd 处开始的字符，该字符在当前源字符集中无效(代码页 65001)。
D:\code\C++\DirectX 11\Direct11LessonAdvance\Direct11LessonAdvance\GameApp.cpp(1,1): warning C4828: 文件包含在偏移 0x1dff 处开始的字符，该字符在当前源字符集中无效(代码页 65001)。
D:\code\C++\DirectX 11\Direct11LessonAdvance\Direct11LessonAdvance\GameApp.cpp(1,1): warning C4828: 文件包含在偏移 0x1e06 处开始的字符，该字符在当前源字符集中无效(代码页 65001)。
D:\code\C++\DirectX 11\Direct11LessonAdvance\Direct11LessonAdvance\GameApp.cpp(1,1): warning C4828: 文件包含在偏移 0x1e08 处开始的字符，该字符在当前源字符集中无效(代码页 65001)。
D:\code\C++\DirectX 11\Direct11LessonAdvance\Direct11LessonAdvance\GameApp.cpp(1,1): warning C4828: 文件包含在偏移 0x1e09 处开始的字符，该字符在当前源字符集中无效(代码页 65001)。
D:\code\C++\DirectX 11\Direct11LessonAdvance\Direct11LessonAdvance\GameApp.cpp(1,1): warning C4828: 文件包含在偏移 0x1e16 处开始的字符，该字符在当前源字符集中无效(代码页 65001)。
D:\code\C++\DirectX 11\Direct11LessonAdvance\Direct11LessonAdvance\GameApp.cpp(1,1): warning C4828: 文件包含在偏移 0x1e18 处开始的字符，该字符在当前源字符集中无效(代码页 65001)。
D:\code\C++\DirectX 11\Direct11LessonAdvance\Direct11LessonAdvance\GameApp.cpp(1,1): warning C4828: 文件包含在偏移 0x1e19 处开始的字符，该字符在当前源字符集中无效(代码页 65001)。
D:\code\C++\DirectX 11\Direct11LessonAdvance\Direct11LessonAdvance\GameApp.cpp(1,1): warning C4828: 文件包含在偏移 0x1e1c 处开始的字符，该字符在当前源字符集中无效(代码页 65001)。
D:\code\C++\DirectX 11\Direct11LessonAdvance\Direct11LessonAdvance\GameApp.cpp(1,1): warning C4828: 文件包含在偏移 0x1e1d 处开始的字符，该字符在当前源字符集中无效(代码页 65001)。
D:\code\C++\DirectX 11\Direct11LessonAdvance\Direct11LessonAdvance\GameApp.cpp(1,1): warning C4828: 文件包含在偏移 0x1e1e 处开始的字符，该字符在当前源字符集中无效(代码页 65001)。
D:\code\C++\DirectX 11\Direct11LessonAdvance\Direct11LessonAdvance\GameApp.cpp(1,1): warning C4828: 文件包含在偏移 0x1e1f 处开始的字符，该字符在当前源字符集中无效(代码页 65001)。
D:\code\C++\DirectX 11\Direct11LessonAdvance\Direct11LessonAdvance\GameApp.cpp(1,1): warning C4828: 文件包含在偏移 0x1e21 处开始的字符，该字符在当前源字符集中无效(代码页 65001)。
D:\code\C++\DirectX 11\Direct11LessonAdvance\Direct11LessonAdvance\GameApp.cpp(1,1): warning C4828: 文件包含在偏移 0x1e23 处开始的字符，该字符在当前源字符集中无效(代码页 65001)。
D:\code\C++\DirectX 11\Direct11LessonAdvance\Direct11LessonAdvance\GameApp.cpp(1,1): warning C4828: 文件包含在偏移 0x1e25 处开始的字符，该字符在当前源字符集中无效(代码页 65001)。
D:\code\C++\DirectX 11\Direct11LessonAdvance\Direct11LessonAdvance\GameApp.cpp(1,1): warning C4828: 文件包含在偏移 0x1e27 处开始的字符，该字符在当前源字符集中无效(代码页 65001)。
D:\code\C++\DirectX 11\Direct11LessonAdvance\Direct11LessonAdvance\GameApp.cpp(1,1): warning C4828: 文件包含在偏移 0x1e28 处开始的字符，该字符在当前源字符集中无效(代码页 65001)。
D:\code\C++\DirectX 11\Direct11LessonAdvance\Direct11LessonAdvance\GameApp.cpp(1,1): warning C4828: 文件包含在偏移 0x1e2c 处开始的字符，该字符在当前源字符集中无效(代码页 65001)。
D:\code\C++\DirectX 11\Direct11LessonAdvance\Direct11LessonAdvance\GameApp.cpp(1,1): warning C4828: 文件包含在偏移 0x1e30 处开始的字符，该字符在当前源字符集中无效(代码页 65001)。
D:\code\C++\DirectX 11\Direct11LessonAdvance\Direct11LessonAdvance\GameApp.cpp(1,1): warning C4828: 文件包含在偏移 0x1e32 处开始的字符，该字符在当前源字符集中无效(代码页 65001)。
D:\code\C++\DirectX 11\Direct11LessonAdvance\Direct11LessonAdvance\GameApp.cpp(1,1): warning C4828: 文件包含在偏移 0x1e33 处开始的字符，该字符在当前源字符集中无效(代码页 65001)。
D:\code\C++\DirectX 11\Direct11LessonAdvance\Direct11LessonAdvance\GameApp.cpp(1,1): warning C4828: 文件包含在偏移 0x1e35 处开始的字符，该字符在当前源字符集中无效(代码页 65001)。
D:\code\C++\DirectX 11\Direct11LessonAdvance\Direct11LessonAdvance\GameApp.cpp(1,1): warning C4828: 文件包含在偏移 0x1e3a 处开始的字符，该字符在当前源字符集中无效(代码页 65001)。
D:\code\C++\DirectX 11\Direct11LessonAdvance\Direct11LessonAdvance\GameApp.cpp(1,1): warning C4828: 文件包含在偏移 0x1e3d 处开始的字符，该字符在当前源字符集中无效(代码页 65001)。
D:\code\C++\DirectX 11\Direct11LessonAdvance\Direct11LessonAdvance\GameApp.cpp(1,1): warning C4828: 文件包含在偏移 0x1e3e 处开始的字符，该字符在当前源字符集中无效(代码页 65001)。
D:\code\C++\DirectX 11\Direct11LessonAdvance\Direct11LessonAdvance\GameApp.cpp(1,1): warning C4828: 文件包含在偏移 0x1e4b 处开始的字符，该字符在当前源字符集中无效(代码页 65001)。
D:\code\C++\DirectX 11\Direct11LessonAdvance\Direct11LessonAdvance\GameApp.cpp(1,1): warning C4828: 文件包含在偏移 0x1e4c 处开始的字符，该字符在当前源字符集中无效(代码页 65001)。
D:\code\C++\DirectX 11\Direct11LessonAdvance\Direct11LessonAdvance\GameApp.cpp(1,1): warning C4828: 文件包含在偏移 0x1e9a 处开始的字符，该字符在当前源字符集中无效(代码页 65001)。
D:\code\C++\DirectX 11\Direct11LessonAdvance\Direct11LessonAdvance\GameApp.cpp(1,1): warning C4828: 文件包含在偏移 0x1e9b 处开始的字符，该字符在当前源字符集中无效(代码页 65001)。
D:\code\C++\DirectX 11\Direct11LessonAdvance\Direct11LessonAdvance\GameApp.cpp(1,1): warning C4828: 文件包含在偏移 0x1e9d 处开始的字符，该字符在当前源字符集中无效(代码页 65001)。
D:\code\C++\DirectX 11\Direct11LessonAdvance\Direct11LessonAdvance\GameApp.cpp(1,1): warning C4828: 文件包含在偏移 0x1e9e 处开始的字符，该字符在当前源字符集中无效(代码页 65001)。
D:\code\C++\DirectX 11\Direct11LessonAdvance\Direct11LessonAdvance\GameApp.cpp(1,1): warning C4828: 文件包含在偏移 0x1ea0 处开始的字符，该字符在当前源字符集中无效(代码页 65001)。
D:\code\C++\DirectX 11\Direct11LessonAdvance\Direct11LessonAdvance\GameApp.cpp(1,1): warning C4828: 文件包含在偏移 0x1ea1 处开始的字符，该字符在当前源字符集中无效(代码页 65001)。
D:\code\C++\DirectX 11\Direct11LessonAdvance\Direct11LessonAdvance\GameApp.cpp(1,1): warning C4828: 文件包含在偏移 0x1ea3 处开始的字符，该字符在当前源字符集中无效(代码页 65001)。
D:\code\C++\DirectX 11\Direct11LessonAdvance\Direct11LessonAdvance\GameApp.cpp(1,1): warning C4828: 文件包含在偏移 0x1ea4 处开始的字符，该字符在当前源字符集中无效(代码页 65001)。
D:\code\C++\DirectX 11\Direct11LessonAdvance\Direct11LessonAdvance\GameApp.cpp(1,1): warning C4828: 文件包含在偏移 0x1ea6 处开始的字符，该字符在当前源字符集中无效(代码页 65001)。
D:\code\C++\DirectX 11\Direct11LessonAdvance\Direct11LessonAdvance\GameApp.cpp(1,1): warning C4828: 文件包含在偏移 0x1ea8 处开始的字符，该字符在当前源字符集中无效(代码页 65001)。
D:\code\C++\DirectX 11\Direct11LessonAdvance\Direct11LessonAdvance\GameApp.cpp(1,1): warning C4828: 文件包含在偏移 0x1eab 处开始的字符，该字符在当前源字符集中无效(代码页 65001)。
D:\code\C++\DirectX 11\Direct11LessonAdvance\Direct11LessonAdvance\GameApp.cpp(1,1): warning C4828: 文件包含在偏移 0x1ead 处开始的字符，该字符在当前源字符集中无效(代码页 65001)。
D:\code\C++\DirectX 11\Direct11LessonAdvance\Direct11LessonAdvance\GameApp.cpp(1,1): warning C4828: 文件包含在偏移 0x1eae 处开始的字符，该字符在当前源字符集中无效(代码页 65001)。
D:\code\C++\DirectX 11\Direct11LessonAdvance\Direct11LessonAdvance\GameApp.cpp(1,1): warning C4828: 文件包含在偏移 0x1efa 处开始的字符，该字符在当前源字符集中无效(代码页 65001)。
D:\code\C++\DirectX 11\Direct11LessonAdvance\Direct11LessonAdvance\GameApp.cpp(1,1): warning C4828: 文件包含在偏移 0x1efb 处开始的字符，该字符在当前源字符集中无效(代码页 65001)。
D:\code\C++\DirectX 11\Direct11LessonAdvance\Direct11LessonAdvance\GameApp.cpp(1,1): warning C4828: 文件包含在偏移 0x1efd 处开始的字符，该字符在当前源字符集中无效(代码页 65001)。
D:\code\C++\DirectX 11\Direct11LessonAdvance\Direct11LessonAdvance\GameApp.cpp(1,1): warning C4828: 文件包含在偏移 0x1efe 处开始的字符，该字符在当前源字符集中无效(代码页 65001)。
D:\code\C++\DirectX 11\Direct11LessonAdvance\Direct11LessonAdvance\GameApp.cpp(1,1): warning C4828: 文件包含在偏移 0x1f00 处开始的字符，该字符在当前源字符集中无效(代码页 65001)。
D:\code\C++\DirectX 11\Direct11LessonAdvance\Direct11LessonAdvance\GameApp.cpp(1,1): warning C4828: 文件包含在偏移 0x1f01 处开始的字符，该字符在当前源字符集中无效(代码页 65001)。
D:\code\C++\DirectX 11\Direct11LessonAdvance\Direct11LessonAdvance\GameApp.cpp(1,1): warning C4828: 文件包含在偏移 0x1f1f 处开始的字符，该字符在当前源字符集中无效(代码页 65001)。
D:\code\C++\DirectX 11\Direct11LessonAdvance\Direct11LessonAdvance\GameApp.cpp(1,1): warning C4828: 文件包含在偏移 0x1f21 处开始的字符，该字符在当前源字符集中无效(代码页 65001)。
D:\code\C++\DirectX 11\Direct11LessonAdvance\Direct11LessonAdvance\GameApp.cpp(1,1): warning C4828: 文件包含在偏移 0x1f23 处开始的字符，该字符在当前源字符集中无效(代码页 65001)。
D:\code\C++\DirectX 11\Direct11LessonAdvance\Direct11LessonAdvance\GameApp.cpp(1,1): warning C4828: 文件包含在偏移 0x1f25 处开始的字符，该字符在当前源字符集中无效(代码页 65001)。
D:\code\C++\DirectX 11\Direct11LessonAdvance\Direct11LessonAdvance\GameApp.cpp(1,1): warning C4828: 文件包含在偏移 0x1f26 处开始的字符，该字符在当前源字符集中无效(代码页 65001)。
D:\code\C++\DirectX 11\Direct11LessonAdvance\Direct11LessonAdvance\GameApp.cpp(1,1): warning C4828: 文件包含在偏移 0x2b09 处开始的字符，该字符在当前源字符集中无效(代码页 65001)。
D:\code\C++\DirectX 11\Direct11LessonAdvance\Direct11LessonAdvance\GameApp.cpp(1,1): warning C4828: 文件包含在偏移 0x2b0d 处开始的字符，该字符在当前源字符集中无效(代码页 65001)。
D:\code\C++\DirectX 11\Direct11LessonAdvance\Direct11LessonAdvance\GameApp.cpp(1,1): warning C4828: 文件包含在偏移 0x2b0e 处开始的字符，该字符在当前源字符集中无效(代码页 65001)。
D:\code\C++\DirectX 11\Direct11LessonAdvance\Direct11LessonAdvance\GameApp.cpp(1,1): warning C4828: 文件包含在偏移 0x2b0f 处开始的字符，该字符在当前源字符集中无效(代码页 65001)。
D:\code\C++\DirectX 11\Direct11LessonAdvance\Direct11LessonAdvance\GameApp.cpp(1,1): warning C4828: 文件包含在偏移 0x2b10 处开始的字符，该字符在当前源字符集中无效(代码页 65001)。
D:\code\C++\DirectX 11\Direct11LessonAdvance\Direct11LessonAdvance\GameApp.cpp(1,1): warning C4828: 文件包含在偏移 0x2b11 处开始的字符，该字符在当前源字符集中无效(代码页 65001)。
D:\code\C++\DirectX 11\Direct11LessonAdvance\Direct11LessonAdvance\GameApp.cpp(1,1): warning C4828: 文件包含在偏移 0x2b15 处开始的字符，该字符在当前源字符集中无效(代码页 65001)。
D:\code\C++\DirectX 11\Direct11LessonAdvance\Direct11LessonAdvance\GameApp.cpp(1,1): warning C4828: 文件包含在偏移 0x3069 处开始的字符，该字符在当前源字符集中无效(代码页 65001)。
D:\code\C++\DirectX 11\Direct11LessonAdvance\Direct11LessonAdvance\GameApp.cpp(1,1): warning C4828: 文件包含在偏移 0x306b 处开始的字符，该字符在当前源字符集中无效(代码页 65001)。
D:\code\C++\DirectX 11\Direct11LessonAdvance\Direct11LessonAdvance\GameApp.cpp(1,1): warning C4828: 文件包含在偏移 0x306d 处开始的字符，该字符在当前源字符集中无效(代码页 65001)。
D:\code\C++\DirectX 11\Direct11LessonAdvance\Direct11LessonAdvance\GameApp.cpp(1,1): warning C4828: 文件包含在偏移 0x306e 处开始的字符，该字符在当前源字符集中无效(代码页 65001)。
D:\code\C++\DirectX 11\Direct11LessonAdvance\Direct11LessonAdvance\GameApp.cpp(1,1): warning C4828: 文件包含在偏移 0x306f 处开始的字符，该字符在当前源字符集中无效(代码页 65001)。
D:\code\C++\DirectX 11\Direct11LessonAdvance\Direct11LessonAdvance\GameApp.cpp(1,1): warning C4828: 文件包含在偏移 0x3070 处开始的字符，该字符在当前源字符集中无效(代码页 65001)。
D:\code\C++\DirectX 11\Direct11LessonAdvance\Direct11LessonAdvance\GameApp.cpp(1,1): warning C4828: 文件包含在偏移 0x3071 处开始的字符，该字符在当前源字符集中无效(代码页 65001)。
D:\code\C++\DirectX 11\Direct11LessonAdvance\Direct11LessonAdvance\GameApp.cpp(1,1): warning C4828: 文件包含在偏移 0x3073 处开始的字符，该字符在当前源字符集中无效(代码页 65001)。
D:\code\C++\DirectX 11\Direct11LessonAdvance\Direct11LessonAdvance\GameApp.cpp(1,1): warning C4828: 文件包含在偏移 0x3074 处开始的字符，该字符在当前源字符集中无效(代码页 65001)。
D:\code\C++\DirectX 11\Direct11LessonAdvance\Direct11LessonAdvance\GameApp.cpp(1,1): warning C4828: 文件包含在偏移 0x3075 处开始的字符，该字符在当前源字符集中无效(代码页 65001)。
D:\code\C++\DirectX 11\Direct11LessonAdvance\Direct11LessonAdvance\GameApp.cpp(1,1): warning C4828: 文件包含在偏移 0x3076 处开始的字符，该字符在当前源字符集中无效(代码页 65001)。
D:\code\C++\DirectX 11\Direct11LessonAdvance\Direct11LessonAdvance\GameApp.cpp(1,1): warning C4828: 文件包含在偏移 0x3536 处开始的字符，该字符在当前源字符集中无效(代码页 65001)。
D:\code\C++\DirectX 11\Direct11LessonAdvance\Direct11LessonAdvance\GameApp.cpp(1,1): warning C4828: 文件包含在偏移 0x3538 处开始的字符，该字符在当前源字符集中无效(代码页 65001)。
D:\code\C++\DirectX 11\Direct11LessonAdvance\Direct11LessonAdvance\GameApp.cpp(1,1): warning C4828: 文件包含在偏移 0x353a 处开始的字符，该字符在当前源字符集中无效(代码页 65001)。
D:\code\C++\DirectX 11\Direct11LessonAdvance\Direct11LessonAdvance\GameApp.cpp(1,1): warning C4828: 文件包含在偏移 0x353c 处开始的字符，该字符在当前源字符集中无效(代码页 65001)。
D:\code\C++\DirectX 11\Direct11LessonAdvance\Direct11LessonAdvance\GameApp.cpp(1,1): warning C4828: 文件包含在偏移 0x355b 处开始的字符，该字符在当前源字符集中无效(代码页 65001)。
D:\code\C++\DirectX 11\Direct11LessonAdvance\Direct11LessonAdvance\GameApp.cpp(1,1): warning C4828: 文件包含在偏移 0x355d 处开始的字符，该字符在当前源字符集中无效(代码页 65001)。
D:\code\C++\DirectX 11\Direct11LessonAdvance\Direct11LessonAdvance\GameApp.cpp(1,1): warning C4828: 文件包含在偏移 0x357e 处开始的字符，该字符在当前源字符集中无效(代码页 65001)。
D:\code\C++\DirectX 11\Direct11LessonAdvance\Direct11LessonAdvance\GameApp.cpp(1,1): warning C4828: 文件包含在偏移 0x3580 处开始的字符，该字符在当前源字符集中无效(代码页 65001)。
D:\code\C++\DirectX 11\Direct11LessonAdvance\Direct11LessonAdvance\GameApp.cpp(1,1): warning C4828: 文件包含在偏移 0x35a1 处开始的字符，该字符在当前源字符集中无效(代码页 65001)。
D:\code\C++\DirectX 11\Direct11LessonAdvance\Direct11LessonAdvance\GameApp.cpp(1,1): warning C4828: 文件包含在偏移 0x35a2 处开始的字符，该字符在当前源字符集中无效(代码页 65001)。
D:\code\C++\DirectX 11\Direct11LessonAdvance\Direct11LessonAdvance\GameApp.cpp(1,1): warning C4828: 文件包含在偏移 0x35a3 处开始的字符，该字符在当前源字符集中无效(代码页 65001)。
D:\code\C++\DirectX 11\Direct11LessonAdvance\Direct11LessonAdvance\GameApp.cpp(1,1): warning C4828: 文件包含在偏移 0x35c4 处开始的字符，该字符在当前源字符集中无效(代码页 65001)。
D:\code\C++\DirectX 11\Direct11LessonAdvance\Direct11LessonAdvance\GameApp.cpp(1,1): warning C4828: 文件包含在偏移 0x35c5 处开始的字符，该字符在当前源字符集中无效(代码页 65001)。
D:\code\C++\DirectX 11\Direct11LessonAdvance\Direct11LessonAdvance\GameApp.cpp(1,1): warning C4828: 文件包含在偏移 0x35c6 处开始的字符，该字符在当前源字符集中无效(代码页 65001)。
D:\code\C++\DirectX 11\Direct11LessonAdvance\Direct11LessonAdvance\GameApp.cpp(1,1): warning C4828: 文件包含在偏移 0x35e7 处开始的字符，该字符在当前源字符集中无效(代码页 65001)。
D:\code\C++\DirectX 11\Direct11LessonAdvance\Direct11LessonAdvance\GameApp.cpp(1,1): warning C4828: 文件包含在偏移 0x35e9 处开始的字符，该字符在当前源字符集中无效(代码页 65001)。
D:\code\C++\DirectX 11\Direct11LessonAdvance\Direct11LessonAdvance\GameApp.cpp(1,1): warning C4828: 文件包含在偏移 0x360a 处开始的字符，该字符在当前源字符集中无效(代码页 65001)。
D:\code\C++\DirectX 11\Direct11LessonAdvance\Direct11LessonAdvance\GameApp.cpp(1,1): warning C4828: 文件包含在偏移 0x360b 处开始的字符，该字符在当前源字符集中无效(代码页 65001)。
D:\code\C++\DirectX 11\Direct11LessonAdvance\Direct11LessonAdvance\GameApp.cpp(1,1): warning C4828: 文件包含在偏移 0x360d 处开始的字符，该字符在当前源字符集中无效(代码页 65001)。
D:\code\C++\DirectX 11\Direct11LessonAdvance\Direct11LessonAdvance\GameApp.cpp(1,1): warning C4828: 文件包含在偏移 0x3cb9 处开始的字符，该字符在当前源字符集中无效(代码页 65001)。
D:\code\C++\DirectX 11\Direct11LessonAdvance\Direct11LessonAdvance\GameApp.cpp(1,1): warning C4828: 文件包含在偏移 0x3cba 处开始的字符，该字符在当前源字符集中无效(代码页 65001)。
D:\code\C++\DirectX 11\Direct11LessonAdvance\Direct11LessonAdvance\GameApp.cpp(1,1): warning C4828: 文件包含在偏移 0x3cbe 处开始的字符，该字符在当前源字符集中无效(代码页 65001)。
D:\code\C++\DirectX 11\Direct11LessonAdvance\Direct11LessonAdvance\GameApp.cpp(1,1): warning C4828: 文件包含在偏移 0x3cbf 处开始的字符，该字符在当前源字符集中无效(代码页 65001)。
D:\code\C++\DirectX 11\Direct11LessonAdvance\Direct11LessonAdvance\GameApp.cpp(1,1): warning C4828: 文件包含在偏移 0x3cc0 处开始的字符，该字符在当前源字符集中无效(代码页 65001)。
D:\code\C++\DirectX 11\Direct11LessonAdvance\Direct11LessonAdvance\GameApp.cpp(1,1): warning C4828: 文件包含在偏移 0x3cc2 处开始的字符，该字符在当前源字符集中无效(代码页 65001)。
D:\code\C++\DirectX 11\Direct11LessonAdvance\Direct11LessonAdvance\GameApp.cpp(1,1): warning C4828: 文件包含在偏移 0x3cc3 处开始的字符，该字符在当前源字符集中无效(代码页 65001)。
D:\code\C++\DirectX 11\Direct11LessonAdvance\Direct11LessonAdvance\GameApp.cpp(1,1): warning C4828: 文件包含在偏移 0x3f6d 处开始的字符，该字符在当前源字符集中无效(代码页 65001)。
D:\code\C++\DirectX 11\Direct11LessonAdvance\Direct11LessonAdvance\GameApp.cpp(1,1): warning C4828: 文件包含在偏移 0x3f6f 处开始的字符，该字符在当前源字符集中无效(代码页 65001)。
D:\code\C++\DirectX 11\Direct11LessonAdvance\Direct11LessonAdvance\GameApp.cpp(1,1): warning C4828: 文件包含在偏移 0x3f71 处开始的字符，该字符在当前源字符集中无效(代码页 65001)。
D:\code\C++\DirectX 11\Direct11LessonAdvance\Direct11LessonAdvance\GameApp.cpp(1,1): warning C4828: 文件包含在偏移 0x3f72 处开始的字符，该字符在当前源字符集中无效(代码页 65001)。
D:\code\C++\DirectX 11\Direct11LessonAdvance\Direct11LessonAdvance\GameApp.cpp(1,1): warning C4828: 文件包含在偏移 0x3f73 处开始的字符，该字符在当前源字符集中无效(代码页 65001)。
D:\code\C++\DirectX 11\Direct11LessonAdvance\Direct11LessonAdvance\GameApp.cpp(1,1): warning C4828: 文件包含在偏移 0x3f74 处开始的字符，该字符在当前源字符集中无效(代码页 65001)。
D:\code\C++\DirectX 11\Direct11LessonAdvance\Direct11LessonAdvance\GameApp.cpp(1,1): warning C4828: 文件包含在偏移 0x3f75 处开始的字符，该字符在当前源字符集中无效(代码页 65001)。
D:\code\C++\DirectX 11\Direct11LessonAdvance\Direct11LessonAdvance\GameApp.cpp(1,1): warning C4828: 文件包含在偏移 0x3f76 处开始的字符，该字符在当前源字符集中无效(代码页 65001)。
D:\code\C++\DirectX 11\Direct11LessonAdvance\Direct11LessonAdvance\GameApp.cpp(1,1): warning C4828: 文件包含在偏移 0x3f77 处开始的字符，该字符在当前源字符集中无效(代码页 65001)。
D:\code\C++\DirectX 11\Direct11LessonAdvance\Direct11LessonAdvance\GameApp.cpp(1,1): warning C4828: 文件包含在偏移 0x3f78 处开始的字符，该字符在当前源字符集中无效(代码页 65001)。
D:\code\C++\DirectX 11\Direct11LessonAdvance\Direct11LessonAdvance\GameApp.cpp(1,1): warning C4828: 文件包含在偏移 0x3f7b 处开始的字符，该字符在当前源字符集中无效(代码页 65001)。
D:\code\C++\DirectX 11\Direct11LessonAdvance\Direct11LessonAdvance\GameApp.cpp(1,1): warning C4828: 文件包含在偏移 0x3f7d 处开始的字符，该字符在当前源字符集中无效(代码页 65001)。
D:\code\C++\DirectX 11\Direct11LessonAdvance\Direct11LessonAdvance\GameApp.cpp(1,1): warning C4828: 文件包含在偏移 0x403f 处开始的字符，该字符在当前源字符集中无效(代码页 65001)。
D:\code\C++\DirectX 11\Direct11LessonAdvance\Direct11LessonAdvance\GameApp.cpp(1,1): warning C4828: 文件包含在偏移 0x4041 处开始的字符，该字符在当前源字符集中无效(代码页 65001)。
D:\code\C++\DirectX 11\Direct11LessonAdvance\Direct11LessonAdvance\GameApp.cpp(1,1): warning C4828: 文件包含在偏移 0x4042 处开始的字符，该字符在当前源字符集中无效(代码页 65001)。
D:\code\C++\DirectX 11\Direct11LessonAdvance\Direct11LessonAdvance\GameApp.cpp(1,1): warning C4828: 文件包含在偏移 0x4043 处开始的字符，该字符在当前源字符集中无效(代码页 65001)。
D:\code\C++\DirectX 11\Direct11LessonAdvance\Direct11LessonAdvance\GameApp.cpp(1,1): warning C4828: 文件包含在偏移 0x4045 处开始的字符，该字符在当前源字符集中无效(代码页 65001)。
D:\code\C++\DirectX 11\Direct11LessonAdvance\Direct11LessonAdvance\GameApp.cpp(1,1): warning C4828: 文件包含在偏移 0x4049 处开始的字符，该字符在当前源字符集中无效(代码页 65001)。
D:\code\C++\DirectX 11\Direct11LessonAdvance\Direct11LessonAdvance\GameApp.cpp(1,1): warning C4828: 文件包含在偏移 0x404a 处开始的字符，该字符在当前源字符集中无效(代码页 65001)。
D:\code\C++\DirectX 11\Direct11LessonAdvance\Direct11LessonAdvance\GameApp.cpp(1,1): warning C4828: 文件包含在偏移 0x404d 处开始的字符，该字符在当前源字符集中无效(代码页 65001)。
D:\code\C++\DirectX 11\Direct11LessonAdvance\Direct11LessonAdvance\GameApp.cpp(1,1): warning C4828: 文件包含在偏移 0x4050 处开始的字符，该字符在当前源字符集中无效(代码页 65001)。
D:\code\C++\DirectX 11\Direct11LessonAdvance\Direct11LessonAdvance\GameApp.cpp(1,1): warning C4828: 文件包含在偏移 0x4051 处开始的字符，该字符在当前源字符集中无效(代码页 65001)。
D:\code\C++\DirectX 11\Direct11LessonAdvance\Direct11LessonAdvance\GameApp.cpp(1,1): warning C4828: 文件包含在偏移 0x4052 处开始的字符，该字符在当前源字符集中无效(代码页 65001)。
D:\code\C++\DirectX 11\Direct11LessonAdvance\Direct11LessonAdvance\GameApp.cpp(1,1): warning C4828: 文件包含在偏移 0x4053 处开始的字符，该字符在当前源字符集中无效(代码页 65001)。
D:\code\C++\DirectX 11\Direct11LessonAdvance\Direct11LessonAdvance\GameApp.cpp(1,1): warning C4828: 文件包含在偏移 0x4054 处开始的字符，该字符在当前源字符集中无效(代码页 65001)。
D:\code\C++\DirectX 11\Direct11LessonAdvance\Direct11LessonAdvance\GameApp.cpp(1,1): warning C4828: 文件包含在偏移 0x4055 处开始的字符，该字符在当前源字符集中无效(代码页 65001)。
D:\code\C++\DirectX 11\Direct11LessonAdvance\Direct11LessonAdvance\GameApp.cpp(1,1): warning C4828: 文件包含在偏移 0x4056 处开始的字符，该字符在当前源字符集中无效(代码页 65001)。
D:\code\C++\DirectX 11\Direct11LessonAdvance\Direct11LessonAdvance\GameApp.cpp(1,1): warning C4828: 文件包含在偏移 0x44ce 处开始的字符，该字符在当前源字符集中无效(代码页 65001)。
D:\code\C++\DirectX 11\Direct11LessonAdvance\Direct11LessonAdvance\GameApp.cpp(1,1): warning C4828: 文件包含在偏移 0x44cf 处开始的字符，该字符在当前源字符集中无效(代码页 65001)。
D:\code\C++\DirectX 11\Direct11LessonAdvance\Direct11LessonAdvance\GameApp.cpp(1,1): warning C4828: 文件包含在偏移 0x44d3 处开始的字符，该字符在当前源字符集中无效(代码页 65001)。
D:\code\C++\DirectX 11\Direct11LessonAdvance\Direct11LessonAdvance\GameApp.cpp(1,1): warning C4828: 文件包含在偏移 0x44d4 处开始的字符，该字符在当前源字符集中无效(代码页 65001)。
D:\code\C++\DirectX 11\Direct11LessonAdvance\Direct11LessonAdvance\GameApp.cpp(1,1): warning C4828: 文件包含在偏移 0x44d5 处开始的字符，该字符在当前源字符集中无效(代码页 65001)。
D:\code\C++\DirectX 11\Direct11LessonAdvance\Direct11LessonAdvance\GameApp.cpp(1,1): warning C4828: 文件包含在偏移 0x44d6 处开始的字符，该字符在当前源字符集中无效(代码页 65001)。
D:\code\C++\DirectX 11\Direct11LessonAdvance\Direct11LessonAdvance\GameApp.cpp(1,1): warning C4828: 文件包含在偏移 0x44d7 处开始的字符，该字符在当前源字符集中无效(代码页 65001)。
D:\code\C++\DirectX 11\Direct11LessonAdvance\Direct11LessonAdvance\GameApp.cpp(1,1): warning C4828: 文件包含在偏移 0x44da 处开始的字符，该字符在当前源字符集中无效(代码页 65001)。
D:\code\C++\DirectX 11\Direct11LessonAdvance\Direct11LessonAdvance\GameApp.cpp(1,1): warning C4828: 文件包含在偏移 0x44db 处开始的字符，该字符在当前源字符集中无效(代码页 65001)。
D:\code\C++\DirectX 11\Direct11LessonAdvance\Direct11LessonAdvance\GameApp.cpp(1,1): warning C4828: 文件包含在偏移 0x44dc 处开始的字符，该字符在当前源字符集中无效(代码页 65001)。
D:\code\C++\DirectX 11\Direct11LessonAdvance\Direct11LessonAdvance\GameApp.cpp(1,1): warning C4828: 文件包含在偏移 0x44dd 处开始的字符，该字符在当前源字符集中无效(代码页 65001)。
D:\code\C++\DirectX 11\Direct11LessonAdvance\Direct11LessonAdvance\GameApp.cpp(1,1): warning C4828: 文件包含在偏移 0x44df 处开始的字符，该字符在当前源字符集中无效(代码页 65001)。
D:\code\C++\DirectX 11\Direct11LessonAdvance\Direct11LessonAdvance\GameApp.cpp(1,1): warning C4828: 文件包含在偏移 0x44e6 处开始的字符，该字符在当前源字符集中无效(代码页 65001)。
D:\code\C++\DirectX 11\Direct11LessonAdvance\Direct11LessonAdvance\GameApp.cpp(1,1): warning C4828: 文件包含在偏移 0x44e7 处开始的字符，该字符在当前源字符集中无效(代码页 65001)。
D:\code\C++\DirectX 11\Direct11LessonAdvance\Direct11LessonAdvance\GameApp.cpp(1,1): warning C4828: 文件包含在偏移 0x44e8 处开始的字符，该字符在当前源字符集中无效(代码页 65001)。
D:\code\C++\DirectX 11\Direct11LessonAdvance\Direct11LessonAdvance\GameApp.cpp(1,1): warning C4828: 文件包含在偏移 0x44e9 处开始的字符，该字符在当前源字符集中无效(代码页 65001)。
D:\code\C++\DirectX 11\Direct11LessonAdvance\Direct11LessonAdvance\GameApp.cpp(1,1): warning C4828: 文件包含在偏移 0x44ea 处开始的字符，该字符在当前源字符集中无效(代码页 65001)。
D:\code\C++\DirectX 11\Direct11LessonAdvance\Direct11LessonAdvance\GameApp.cpp(1,1): warning C4828: 文件包含在偏移 0x44eb 处开始的字符，该字符在当前源字符集中无效(代码页 65001)。
D:\code\C++\DirectX 11\Direct11LessonAdvance\Direct11LessonAdvance\GameApp.cpp(1,1): warning C4828: 文件包含在偏移 0x4604 处开始的字符，该字符在当前源字符集中无效(代码页 65001)。
D:\code\C++\DirectX 11\Direct11LessonAdvance\Direct11LessonAdvance\GameApp.cpp(1,1): warning C4828: 文件包含在偏移 0x4607 处开始的字符，该字符在当前源字符集中无效(代码页 65001)。
D:\code\C++\DirectX 11\Direct11LessonAdvance\Direct11LessonAdvance\GameApp.cpp(1,1): warning C4828: 文件包含在偏移 0x4985 处开始的字符，该字符在当前源字符集中无效(代码页 65001)。
D:\code\C++\DirectX 11\Direct11LessonAdvance\Direct11LessonAdvance\GameApp.cpp(1,1): warning C4828: 文件包含在偏移 0x4986 处开始的字符，该字符在当前源字符集中无效(代码页 65001)。
D:\code\C++\DirectX 11\Direct11LessonAdvance\Direct11LessonAdvance\GameApp.cpp(1,1): warning C4828: 文件包含在偏移 0x498a 处开始的字符，该字符在当前源字符集中无效(代码页 65001)。
D:\code\C++\DirectX 11\Direct11LessonAdvance\Direct11LessonAdvance\GameApp.cpp(1,1): warning C4828: 文件包含在偏移 0x498b 处开始的字符，该字符在当前源字符集中无效(代码页 65001)。
D:\code\C++\DirectX 11\Direct11LessonAdvance\Direct11LessonAdvance\GameApp.cpp(1,1): warning C4828: 文件包含在偏移 0x498c 处开始的字符，该字符在当前源字符集中无效(代码页 65001)。
D:\code\C++\DirectX 11\Direct11LessonAdvance\Direct11LessonAdvance\GameApp.cpp(1,1): warning C4828: 文件包含在偏移 0x498e 处开始的字符，该字符在当前源字符集中无效(代码页 65001)。
D:\code\C++\DirectX 11\Direct11LessonAdvance\Direct11LessonAdvance\GameObject.h(1,1): warning C4828: 文件包含在偏移 0x480 处开始的字符，该字符在当前源字符集中无效(代码页 65001)。
D:\code\C++\DirectX 11\Direct11LessonAdvance\Direct11LessonAdvance\GameObject.h(1,1): warning C4828: 文件包含在偏移 0x482 处开始的字符，该字符在当前源字符集中无效(代码页 65001)。
D:\code\C++\DirectX 11\Direct11LessonAdvance\Direct11LessonAdvance\GameObject.h(1,1): warning C4828: 文件包含在偏移 0x484 处开始的字符，该字符在当前源字符集中无效(代码页 65001)。
D:\code\C++\DirectX 11\Direct11LessonAdvance\Direct11LessonAdvance\GameObject.h(1,1): warning C4828: 文件包含在偏移 0x485 处开始的字符，该字符在当前源字符集中无效(代码页 65001)。
D:\code\C++\DirectX 11\Direct11LessonAdvance\Direct11LessonAdvance\GameObject.h(1,1): warning C4828: 文件包含在偏移 0x486 处开始的字符，该字符在当前源字符集中无效(代码页 65001)。
D:\code\C++\DirectX 11\Direct11LessonAdvance\Direct11LessonAdvance\GameObject.h(1,1): warning C4828: 文件包含在偏移 0x487 处开始的字符，该字符在当前源字符集中无效(代码页 65001)。
D:\code\C++\DirectX 11\Direct11LessonAdvance\Direct11LessonAdvance\GameObject.h(1,1): warning C4828: 文件包含在偏移 0x488 处开始的字符，该字符在当前源字符集中无效(代码页 65001)。
D:\code\C++\DirectX 11\Direct11LessonAdvance\Direct11LessonAdvance\GameObject.h(1,1): warning C4828: 文件包含在偏移 0x48c 处开始的字符，该字符在当前源字符集中无效(代码页 65001)。
D:\code\C++\DirectX 11\Direct11LessonAdvance\Direct11LessonAdvance\GameObject.h(1,1): warning C4828: 文件包含在偏移 0x48d 处开始的字符，该字符在当前源字符集中无效(代码页 65001)。
D:\code\C++\DirectX 11\Direct11LessonAdvance\Direct11LessonAdvance\GameObject.h(1,1): warning C4828: 文件包含在偏移 0x490 处开始的字符，该字符在当前源字符集中无效(代码页 65001)。
D:\code\C++\DirectX 11\Direct11LessonAdvance\Direct11LessonAdvance\GameObject.h(1,1): warning C4828: 文件包含在偏移 0x491 处开始的字符，该字符在当前源字符集中无效(代码页 65001)。
D:\code\C++\DirectX 11\Direct11LessonAdvance\Direct11LessonAdvance\GameObject.h(1,1): warning C4828: 文件包含在偏移 0x493 处开始的字符，该字符在当前源字符集中无效(代码页 65001)。
D:\code\C++\DirectX 11\Direct11LessonAdvance\Direct11LessonAdvance\GameObject.h(1,1): warning C4828: 文件包含在偏移 0x49b 处开始的字符，该字符在当前源字符集中无效(代码页 65001)。
D:\code\C++\DirectX 11\Direct11LessonAdvance\Direct11LessonAdvance\GameObject.h(1,1): warning C4828: 文件包含在偏移 0x49c 处开始的字符，该字符在当前源字符集中无效(代码页 65001)。
D:\code\C++\DirectX 11\Direct11LessonAdvance\Direct11LessonAdvance\ConstantStruct.h(1,1): warning C4828: 文件包含在偏移 0x213 处开始的字符，该字符在当前源字符集中无效(代码页 65001)。
D:\code\C++\DirectX 11\Direct11LessonAdvance\Direct11LessonAdvance\ConstantStruct.h(1,1): warning C4828: 文件包含在偏移 0x214 处开始的字符，该字符在当前源字符集中无效(代码页 65001)。
D:\code\C++\DirectX 11\Direct11LessonAdvance\Direct11LessonAdvance\ConstantStruct.h(1,1): warning C4828: 文件包含在偏移 0x218 处开始的字符，该字符在当前源字符集中无效(代码页 65001)。
D:\code\C++\DirectX 11\Direct11LessonAdvance\Direct11LessonAdvance\ConstantStruct.h(1,1): warning C4828: 文件包含在偏移 0x21d 处开始的字符，该字符在当前源字符集中无效(代码页 65001)。
D:\code\C++\DirectX 11\Direct11LessonAdvance\Direct11LessonAdvance\ConstantStruct.h(1,1): warning C4828: 文件包含在偏移 0x21f 处开始的字符，该字符在当前源字符集中无效(代码页 65001)。
D:\code\C++\DirectX 11\Direct11LessonAdvance\Direct11LessonAdvance\ConstantStruct.h(1,1): warning C4828: 文件包含在偏移 0x222 处开始的字符，该字符在当前源字符集中无效(代码页 65001)。
D:\code\C++\DirectX 11\Direct11LessonAdvance\Direct11LessonAdvance\ConstantStruct.h(1,1): warning C4828: 文件包含在偏移 0x224 处开始的字符，该字符在当前源字符集中无效(代码页 65001)。
  Direct11LessonAdvance.vcxproj -> D:\code\C++\DirectX 11\Direct11LessonAdvance\Debug\Direct11LessonAdvance.exe
